+ INPUTDIR_BASE=/pylon5/ms4s86p/kulkarna
+ PROB=window_only
+ WORKDIR_BASE=/local/2234953
+ hostname
l003.pvt.bridges.psc.edu
+ scontrol show job 2234953
+ grep mem
   TRES=cpu=3,mem=128G,node=1
+ cd /pylon5/ms4s86p/kulkarna/window_only
+ module load matlab
++ /usr/bin/modulecmd bash load matlab
+ eval LOADEDMODULES=psc_path/1.1:slurm/17.02.5:intel/17.4:matlab/R2017a ';export' 'LOADEDMODULES;MATLABROOT=/opt/packages/matlab/R2017a' ';export' 'MATLABROOT;PATH=/opt/packages/matlab/R2017a/bin:/home/anirban/bin:/usr/lib64/qt-3.3/bin:/opt/intel/advisor_2017.1.3.510716/bin64:/opt/intel/vtune_amplifier_xe_2017.3.0.510739/bin64:/opt/intel/inspector_2017.1.3.510645/bin64:/opt/intel/itac/2017.3.030/intel64/bin:/opt/intel//itac/2017.3.030/intel64/bin:/opt/intel//clck/2017.2.019/bin/intel64:/opt/intel/compilers_and_libraries_2017.4.196/linux/bin/intel64:/opt/intel/compilers_and_libraries_2017.4.196/linux/mpi/intel64/bin:/opt/intel/debugger_2017/gdb/intel64_mic/bin:/opt/packages/slurm/17.02.5/bin:/opt/packages/allocations:/opt/packages/interact/bin:/usr/lib64/ccache:/usr/local/bin:/bin:/usr/bin:/usr/bin:/usr/local/sbin:/usr/sbin:/opt/puppetlabs/puppet/bin:/opt/packages/slash2/psc/sbin:/opt/intel/parallel_studio_xe_2017.4.056/bin:/opt/puppetlabs/bin:/home/kulkarna/.local/bin:/home/kulkarna/bin' ';export' 'PATH;_LMFILES_=/opt/modulefiles/psc_path/1.1:/opt/modulefiles/slurm/17.02.5:/opt/modulefiles/intel/17.4:/opt/modulefiles/matlab/R2017a' ';export' '_LMFILES_;'
++ LOADEDMODULES=psc_path/1.1:slurm/17.02.5:intel/17.4:matlab/R2017a
++ export LOADEDMODULES
++ MATLABROOT=/opt/packages/matlab/R2017a
++ export MATLABROOT
++ PATH=/opt/packages/matlab/R2017a/bin:/home/anirban/bin:/usr/lib64/qt-3.3/bin:/opt/intel/advisor_2017.1.3.510716/bin64:/opt/intel/vtune_amplifier_xe_2017.3.0.510739/bin64:/opt/intel/inspector_2017.1.3.510645/bin64:/opt/intel/itac/2017.3.030/intel64/bin:/opt/intel//itac/2017.3.030/intel64/bin:/opt/intel//clck/2017.2.019/bin/intel64:/opt/intel/compilers_and_libraries_2017.4.196/linux/bin/intel64:/opt/intel/compilers_and_libraries_2017.4.196/linux/mpi/intel64/bin:/opt/intel/debugger_2017/gdb/intel64_mic/bin:/opt/packages/slurm/17.02.5/bin:/opt/packages/allocations:/opt/packages/interact/bin:/usr/lib64/ccache:/usr/local/bin:/bin:/usr/bin:/usr/bin:/usr/local/sbin:/usr/sbin:/opt/puppetlabs/puppet/bin:/opt/packages/slash2/psc/sbin:/opt/intel/parallel_studio_xe_2017.4.056/bin:/opt/puppetlabs/bin:/home/kulkarna/.local/bin:/home/kulkarna/bin
++ export PATH
++ _LMFILES_=/opt/modulefiles/psc_path/1.1:/opt/modulefiles/slurm/17.02.5:/opt/modulefiles/intel/17.4:/opt/modulefiles/matlab/R2017a
++ export _LMFILES_
+ ifort -mcmodel medium -shared-intel -o p128.exe fewIterSymm.f
fewIterSymm.f(626): remark #8291: Recommended relationship between field width 'W' and the number of fractional digits 'D' in this edit descriptor is 'W>=D+7'.
101   format(i3,4(1x,e10.4),10(1x,F7.4))
----------------------^
+ WORKDIR=/local/2234953/window_only.2234953
+ mkdir -p /local/2234953/window_only.2234953
+ cp p128.exe /local/2234953/window_only.2234953
+ cp fft.dim fft.in /local/2234953/window_only.2234953
+ cp cuel2.sx cupl2.sx /local/2234953/window_only.2234953
+ cp sq128_symmgrain.FFT /local/2234953/window_only.2234953
+ cp compress_update_pipeline2d.m compute_full_gamma.m compute_gamma_ds1111.m compute_gamma_ds_specific.m compute_gamma_fft.m fast.m get_stress.m main.m matlab_main_final.m model_after_conv.m model_before_tx.m MS_cij2cijkl.m MS_cijkl2cij.m old_fast.m read_cg.m /local/2234953/window_only.2234953
+ cp avgcg.mat Gfft1111.mat Gfft1112.mat Gfft1113.mat Gfft1121.mat Gfft1122.mat Gfft1123.mat Gfft1131.mat Gfft1132.mat Gfft1133.mat Gfft1211.mat Gfft1212.mat Gfft1213.mat Gfft1221.mat Gfft1222.mat Gfft1223.mat Gfft1231.mat Gfft1232.mat Gfft1233.mat Gfft1311.mat Gfft1312.mat Gfft1313.mat Gfft1321.mat Gfft1322.mat Gfft1323.mat Gfft1331.mat Gfft1332.mat Gfft1333.mat Gfft2111.mat Gfft2112.mat Gfft2113.mat Gfft2121.mat Gfft2122.mat Gfft2123.mat Gfft2131.mat Gfft2132.mat Gfft2133.mat Gfft2211.mat Gfft2212.mat Gfft2213.mat Gfft2221.mat Gfft2222.mat Gfft2223.mat Gfft2231.mat Gfft2232.mat Gfft2233.mat Gfft2311.mat Gfft2312.mat Gfft2313.mat Gfft2321.mat Gfft2322.mat Gfft2323.mat Gfft2331.mat Gfft2332.mat Gfft2333.mat Gfft3111.mat Gfft3112.mat Gfft3113.mat Gfft3121.mat Gfft3122.mat Gfft3123.mat Gfft3131.mat Gfft3132.mat Gfft3133.mat Gfft3211.mat Gfft3212.mat Gfft3213.mat Gfft3221.mat Gfft3222.mat Gfft3223.mat Gfft3231.mat Gfft3232.mat Gfft3233.mat Gfft3311.mat Gfft3312.mat Gfft3313.mat Gfft3321.mat Gfft3322.mat Gfft3323.mat Gfft3331.mat Gfft3332.mat Gfft3333.mat init.mat /local/2234953/window_only.2234953
+ cd /local/2234953/window_only.2234953
+ ls -al
total 1540952
drwxr-xr-x 2 kulkarna ms4s86p     4096 Jan 26 10:45 .
drwxr-xr-x 3 kulkarna ms4s86p       40 Jan 26 10:45 ..
-rw-r--r-- 1 kulkarna ms4s86p      478 Jan 26 10:45 avgcg.mat
-rw-r--r-- 1 kulkarna ms4s86p     5397 Jan 26 10:45 compress_update_pipeline2d.m
-rw-r--r-- 1 kulkarna ms4s86p      907 Jan 26 10:45 compute_full_gamma.m
-rw-r--r-- 1 kulkarna ms4s86p      597 Jan 26 10:45 compute_gamma_ds1111.m
-rw-r--r-- 1 kulkarna ms4s86p      649 Jan 26 10:45 compute_gamma_ds_specific.m
-rw-r--r-- 1 kulkarna ms4s86p     1469 Jan 26 10:45 compute_gamma_fft.m
-rw-r--r-- 1 kulkarna ms4s86p      458 Jan 26 10:45 cuel2.sx
-rw-r--r-- 1 kulkarna ms4s86p      930 Jan 26 10:45 cupl2.sx
-rw-r--r-- 1 kulkarna ms4s86p     2851 Jan 26 10:45 fast.m
-rw-r--r-- 1 kulkarna ms4s86p     3130 Jan 26 10:45 fft.dim
-rw-r--r-- 1 kulkarna ms4s86p     2674 Jan 26 10:45 fft.in
-rw-r--r-- 1 kulkarna ms4s86p     5364 Jan 26 10:45 get_stress.m
-rw-r--r-- 1 kulkarna ms4s86p 23456757 Jan 26 10:45 Gfft1111.mat
-rw-r--r-- 1 kulkarna ms4s86p 23860740 Jan 26 10:45 Gfft1112.mat
-rw-r--r-- 1 kulkarna ms4s86p 15984756 Jan 26 10:45 Gfft1113.mat
-rw-r--r-- 1 kulkarna ms4s86p 24080960 Jan 26 10:45 Gfft1121.mat
-rw-r--r-- 1 kulkarna ms4s86p 23712879 Jan 26 10:45 Gfft1122.mat
-rw-r--r-- 1 kulkarna ms4s86p 15930905 Jan 26 10:45 Gfft1123.mat
-rw-r--r-- 1 kulkarna ms4s86p 24004698 Jan 26 10:45 Gfft1131.mat
-rw-r--r-- 1 kulkarna ms4s86p 23775502 Jan 26 10:45 Gfft1132.mat
-rw-r--r-- 1 kulkarna ms4s86p 15873305 Jan 26 10:45 Gfft1133.mat
-rw-r--r-- 1 kulkarna ms4s86p 23860484 Jan 26 10:45 Gfft1211.mat
-rw-r--r-- 1 kulkarna ms4s86p 23751706 Jan 26 10:45 Gfft1212.mat
-rw-r--r-- 1 kulkarna ms4s86p 15890999 Jan 26 10:45 Gfft1213.mat
-rw-r--r-- 1 kulkarna ms4s86p 23715436 Jan 26 10:45 Gfft1221.mat
-rw-r--r-- 1 kulkarna ms4s86p 23954999 Jan 26 10:45 Gfft1222.mat
-rw-r--r-- 1 kulkarna ms4s86p 16027285 Jan 26 10:45 Gfft1223.mat
-rw-r--r-- 1 kulkarna ms4s86p 23774172 Jan 26 10:45 Gfft1231.mat
-rw-r--r-- 1 kulkarna ms4s86p 23978281 Jan 26 10:45 Gfft1232.mat
-rw-r--r-- 1 kulkarna ms4s86p 16032250 Jan 26 10:45 Gfft1233.mat
-rw-r--r-- 1 kulkarna ms4s86p 15984489 Jan 26 10:45 Gfft1311.mat
-rw-r--r-- 1 kulkarna ms4s86p 15890898 Jan 26 10:45 Gfft1312.mat
-rw-r--r-- 1 kulkarna ms4s86p 15897179 Jan 26 10:45 Gfft1313.mat
-rw-r--r-- 1 kulkarna ms4s86p 15927983 Jan 26 10:45 Gfft1321.mat
-rw-r--r-- 1 kulkarna ms4s86p 16025923 Jan 26 10:45 Gfft1322.mat
-rw-r--r-- 1 kulkarna ms4s86p 16033510 Jan 26 10:45 Gfft1323.mat
-rw-r--r-- 1 kulkarna ms4s86p 15873771 Jan 26 10:45 Gfft1331.mat
-rw-r--r-- 1 kulkarna ms4s86p 16032499 Jan 26 10:45 Gfft1332.mat
-rw-r--r-- 1 kulkarna ms4s86p 16049501 Jan 26 10:45 Gfft1333.mat
-rw-r--r-- 1 kulkarna ms4s86p 24080285 Jan 26 10:45 Gfft2111.mat
-rw-r--r-- 1 kulkarna ms4s86p 23714933 Jan 26 10:45 Gfft2112.mat
-rw-r--r-- 1 kulkarna ms4s86p 15928425 Jan 26 10:45 Gfft2113.mat
-rw-r--r-- 1 kulkarna ms4s86p 23779875 Jan 26 10:45 Gfft2121.mat
-rw-r--r-- 1 kulkarna ms4s86p 23883179 Jan 26 10:45 Gfft2122.mat
-rw-r--r-- 1 kulkarna ms4s86p 15992855 Jan 26 10:45 Gfft2123.mat
-rw-r--r-- 1 kulkarna ms4s86p 23883296 Jan 26 10:45 Gfft2131.mat
-rw-r--r-- 1 kulkarna ms4s86p 23907365 Jan 26 10:45 Gfft2132.mat
-rw-r--r-- 1 kulkarna ms4s86p 15988754 Jan 26 10:45 Gfft2133.mat
-rw-r--r-- 1 kulkarna ms4s86p 23712227 Jan 26 10:45 Gfft2211.mat
-rw-r--r-- 1 kulkarna ms4s86p 23953761 Jan 26 10:45 Gfft2212.mat
-rw-r--r-- 1 kulkarna ms4s86p 16026498 Jan 26 10:45 Gfft2213.mat
-rw-r--r-- 1 kulkarna ms4s86p 23883681 Jan 26 10:45 Gfft2221.mat
-rw-r--r-- 1 kulkarna ms4s86p 23302053 Jan 26 10:45 Gfft2222.mat
-rw-r--r-- 1 kulkarna ms4s86p 15602317 Jan 26 10:45 Gfft2223.mat
-rw-r--r-- 1 kulkarna ms4s86p 23905551 Jan 26 10:45 Gfft2231.mat
-rw-r--r-- 1 kulkarna ms4s86p 23818938 Jan 26 10:45 Gfft2232.mat
-rw-r--r-- 1 kulkarna ms4s86p 15910079 Jan 26 10:45 Gfft2233.mat
-rw-r--r-- 1 kulkarna ms4s86p 15931163 Jan 26 10:45 Gfft2311.mat
-rw-r--r-- 1 kulkarna ms4s86p 16027501 Jan 26 10:45 Gfft2312.mat
-rw-r--r-- 1 kulkarna ms4s86p 16034338 Jan 26 10:45 Gfft2313.mat
-rw-r--r-- 1 kulkarna ms4s86p 15992739 Jan 26 10:45 Gfft2321.mat
-rw-r--r-- 1 kulkarna ms4s86p 15602390 Jan 26 10:45 Gfft2322.mat
-rw-r--r-- 1 kulkarna ms4s86p 15605947 Jan 26 10:45 Gfft2323.mat
-rw-r--r-- 1 kulkarna ms4s86p 15989426 Jan 26 10:45 Gfft2331.mat
-rw-r--r-- 1 kulkarna ms4s86p 15914593 Jan 26 10:45 Gfft2332.mat
-rw-r--r-- 1 kulkarna ms4s86p 15925211 Jan 26 10:45 Gfft2333.mat
-rw-r--r-- 1 kulkarna ms4s86p 24005652 Jan 26 10:45 Gfft3111.mat
-rw-r--r-- 1 kulkarna ms4s86p 23773905 Jan 26 10:45 Gfft3112.mat
-rw-r--r-- 1 kulkarna ms4s86p 15874060 Jan 26 10:45 Gfft3113.mat
-rw-r--r-- 1 kulkarna ms4s86p 23884037 Jan 26 10:45 Gfft3121.mat
-rw-r--r-- 1 kulkarna ms4s86p 23906281 Jan 26 10:45 Gfft3122.mat
-rw-r--r-- 1 kulkarna ms4s86p 15989670 Jan 26 10:45 Gfft3123.mat
-rw-r--r-- 1 kulkarna ms4s86p 23705091 Jan 26 10:45 Gfft3131.mat
-rw-r--r-- 1 kulkarna ms4s86p 23778046 Jan 26 10:45 Gfft3132.mat
-rw-r--r-- 1 kulkarna ms4s86p 15936070 Jan 26 10:45 Gfft3133.mat
-rw-r--r-- 1 kulkarna ms4s86p 23775450 Jan 26 10:45 Gfft3211.mat
-rw-r--r-- 1 kulkarna ms4s86p 23980170 Jan 26 10:45 Gfft3212.mat
-rw-r--r-- 1 kulkarna ms4s86p 16032851 Jan 26 10:45 Gfft3213.mat
-rw-r--r-- 1 kulkarna ms4s86p 23908511 Jan 26 10:45 Gfft3221.mat
-rw-r--r-- 1 kulkarna ms4s86p 23819518 Jan 26 10:45 Gfft3222.mat
-rw-r--r-- 1 kulkarna ms4s86p 15914484 Jan 26 10:45 Gfft3223.mat
-rw-r--r-- 1 kulkarna ms4s86p 23777939 Jan 26 10:45 Gfft3231.mat
-rw-r--r-- 1 kulkarna ms4s86p 23453243 Jan 26 10:45 Gfft3232.mat
-rw-r--r-- 1 kulkarna ms4s86p 15633916 Jan 26 10:45 Gfft3233.mat
-rw-r--r-- 1 kulkarna ms4s86p 15873566 Jan 26 10:45 Gfft3311.mat
-rw-r--r-- 1 kulkarna ms4s86p 16031995 Jan 26 10:45 Gfft3312.mat
-rw-r--r-- 1 kulkarna ms4s86p 16049455 Jan 26 10:45 Gfft3313.mat
-rw-r--r-- 1 kulkarna ms4s86p 15988881 Jan 26 10:45 Gfft3321.mat
-rw-r--r-- 1 kulkarna ms4s86p 15909842 Jan 26 10:45 Gfft3322.mat
-rw-r--r-- 1 kulkarna ms4s86p 15925297 Jan 26 10:45 Gfft3323.mat
-rw-r--r-- 1 kulkarna ms4s86p 15935758 Jan 26 10:45 Gfft3331.mat
-rw-r--r-- 1 kulkarna ms4s86p 15633868 Jan 26 10:45 Gfft3332.mat
-rw-r--r-- 1 kulkarna ms4s86p 15645819 Jan 26 10:45 Gfft3333.mat
-rw-r--r-- 1 kulkarna ms4s86p      909 Jan 26 10:45 init.mat
-rw-r--r-- 1 kulkarna ms4s86p     2874 Jan 26 10:45 main.m
-rw-r--r-- 1 kulkarna ms4s86p     2862 Jan 26 10:45 matlab_main_final.m
-rw-r--r-- 1 kulkarna ms4s86p     1947 Jan 26 10:45 model_after_conv.m
-rw-r--r-- 1 kulkarna ms4s86p     1907 Jan 26 10:45 model_before_tx.m
-rw-r--r-- 1 kulkarna ms4s86p     4898 Jan 26 10:45 MS_cij2cijkl.m
-rw-r--r-- 1 kulkarna ms4s86p     3419 Jan 26 10:45 MS_cijkl2cij.m
-rw-r--r-- 1 kulkarna ms4s86p     3746 Jan 26 10:45 old_fast.m
-rwxr-xr-x 1 kulkarna ms4s86p   197328 Jan 26 10:45 p128.exe
-rw-r--r-- 1 kulkarna ms4s86p      795 Jan 26 10:45 read_cg.m
-rw-r--r-- 1 kulkarna ms4s86p  3637248 Jan 26 10:45 sq128_symmgrain.FFT
+ ./p128.exe
   1.000000    
 ***************************************************
 STEP =            1
 in  loop
 writing...
 ITER =            0
 DIRECT FFT OF STRESS FIELD
 CALCULATING G^pq,ij : SG^ij ...
 INVERSE FFT TO GET STRAIN FIELD
 writing sg components for this iteration...
           1
           2
           3
           4
 matlab -nojvm -r "infile='SG10433.out';fast"

                            < M A T L A B (R) >
                  Copyright 1984-2017 The MathWorks, Inc.
                   R2017a (9.2.0.556344) 64-bit (glnxa64)
                               March 27, 2017

 
For online documentation, see http://www.mathworks.com/support
For product information, visit www.mathworks.com.
 

ei =

     1


ej =

     1


ei =

     1


ej =

     2


ei =

     1


ej =

     3


ei =

     2


ej =

     1


ei =

     2


ej =

     2


ei =

     2


ej =

     3


ei =

     3


ej =

     1


ei =

     3


ej =

     2


ei =

     3


ej =

     3

Elapsed time is 170.402355 seconds.
writing

i =

     1


j =

     1


i =

     1


j =

     2


i =

     1


j =

     3


i =

     2


j =

     1


i =

     2


j =

     2


i =

     2


j =

     3


i =

     3


j =

     1


i =

     3


j =

     2


i =

     3


j =

     3


i =

     1


j =

     1


i =

     1


j =

     2


i =

     1


j =

     3


i =

     2


j =

     1


i =

     2


j =

     2


i =

     2


j =

     3


i =

     3


j =

     1


i =

     3


j =

     2


i =

     3


j =

     3


i =

     1


j =

     1


i =

     1


j =

     2


i =

     1


j =

     3


i =

     2


j =

     1


i =

     2


j =

     2


i =

     2


j =

     3


i =

     3


j =

     1


i =

     3


j =

     2


i =

     3


j =

     3


i =

     1


j =

     1


i =

     1


j =

     2


i =

     1


j =

     3


i =

     2


j =

     1


i =

     2


j =

     2


i =

     2


j =

     3


i =

     3


j =

     1


i =

     3


j =

     2


i =

     3


j =

     3

Elapsed time is 5.953458 seconds.
 read approx
 WC10111.out
 WC10111.out
 WC10112.out
 WC10112.out
 WC10113.out
 WC10113.out
 WC10121.out
 WC10121.out
 WC10122.out
 WC10122.out
 WC10123.out
 WC10123.out
 WC10131.out
 WC10131.out
 WC10132.out
 WC10132.out
 WC10133.out
 WC10133.out
 WC10211.out
 WC10211.out
 WC10212.out
 WC10212.out
 WC10213.out
 WC10213.out
 WC10221.out
 WC10221.out
 WC10222.out
 WC10222.out
 WC10223.out
 WC10223.out
 WC10231.out
 WC10231.out
 WC10232.out
 WC10232.out
 WC10233.out
 WC10233.out
 WC10311.out
 WC10311.out
 WC10312.out
 WC10312.out
 WC10313.out
 WC10313.out
 WC10321.out
 WC10321.out
 WC10322.out
 WC10322.out
 WC10323.out
 WC10323.out
 WC10331.out
 WC10331.out
 WC10332.out
 WC10332.out
 WC10333.out
 WC10333.out
 WC10411.out
 WC10411.out
 WC10412.out
 WC10412.out
 WC10413.out
 WC10413.out
 WC10421.out
 WC10421.out
 WC10422.out
 WC10422.out
 WC10423.out
 WC10423.out
 WC10431.out
 WC10431.out
 WC10432.out
 WC10432.out
 WC10433.out
 WC10433.out
 read wc
 put in data
 end if statemnt
 UPDATE STRESS FIELD
 
 ERRE=  8.5821752E-11
 ERRS=   1.057929    
 DDISGRADMACRO(1,1),(2,2)=  9.3521876E-06  1.5574482E-05
 STRAIN FIELD ERROR =  1.7164349E-06
 STRESS FIELD ERROR =  0.1291870    
 in  loop
 writing...
 ITER =            1
 DIRECT FFT OF STRESS FIELD
 CALCULATING G^pq,ij : SG^ij ...
 INVERSE FFT TO GET STRAIN FIELD
 writing sg components for this iteration...
           1
           2
           3
           4
 matlab -nojvm -r "infile='SG10433.out';fast"

                            < M A T L A B (R) >
                  Copyright 1984-2017 The MathWorks, Inc.
                   R2017a (9.2.0.556344) 64-bit (glnxa64)
                               March 27, 2017

 
For online documentation, see http://www.mathworks.com/support
For product information, visit www.mathworks.com.
 

ei =

     1


ej =

     1


ei =

     1


ej =

     2


ei =

     1


ej =

     3


ei =

     2


ej =

     1


ei =

     2


ej =

     2


ei =

     2


ej =

     3


ei =

     3


ej =

     1


ei =

     3


ej =

     2


ei =

     3


ej =

     3

Elapsed time is 177.207664 seconds.
writing

i =

     1


j =

     1


i =

     1


j =

     2


i =

     1


j =

     3


i =

     2


j =

     1


i =

     2


j =

     2


i =

     2


j =

     3


i =

     3


j =

     1


i =

     3


j =

     2


i =

     3


j =

     3


i =

     1


j =

     1


i =

     1


j =

     2


i =

     1


j =

     3


i =

     2


j =

     1


i =

     2


j =

     2


i =

     2


j =

     3


i =

     3


j =

     1


i =

     3


j =

     2


i =

     3


j =

     3


i =

     1


j =

     1


i =

     1


j =

     2


i =

     1


j =

     3


i =

     2


j =

     1


i =

     2


j =

     2


i =

     2


j =

     3


i =

     3


j =

     1


i =

     3


j =

     2


i =

     3


j =

     3


i =

     1


j =

     1


i =

     1


j =

     2


i =

     1


j =

     3


i =

     2


j =

     1


i =

     2


j =

     2


i =

     2


j =

     3


i =

     3


j =

     1


i =

     3


j =

     2


i =

     3


j =

     3

Elapsed time is 5.923975 seconds.
 read approx
 WC10111.out
 WC10111.out
 WC10112.out
 WC10112.out
 WC10113.out
 WC10113.out
 WC10121.out
 WC10121.out
 WC10122.out
 WC10122.out
 WC10123.out
 WC10123.out
 WC10131.out
 WC10131.out
 WC10132.out
 WC10132.out
 WC10133.out
 WC10133.out
 WC10211.out
 WC10211.out
 WC10212.out
 WC10212.out
 WC10213.out
 WC10213.out
 WC10221.out
 WC10221.out
 WC10222.out
 WC10222.out
 WC10223.out
 WC10223.out
 WC10231.out
 WC10231.out
 WC10232.out
 WC10232.out
 WC10233.out
 WC10233.out
 WC10311.out
 WC10311.out
 WC10312.out
 WC10312.out
 WC10313.out
 WC10313.out
 WC10321.out
 WC10321.out
 WC10322.out
 WC10322.out
 WC10323.out
 WC10323.out
 WC10331.out
 WC10331.out
 WC10332.out
 WC10332.out
 WC10333.out
 WC10333.out
 WC10411.out
 WC10411.out
 WC10412.out
 WC10412.out
 WC10413.out
 WC10413.out
 WC10421.out
 WC10421.out
 WC10422.out
 WC10422.out
 WC10423.out
 WC10423.out
 WC10431.out
 WC10431.out
 WC10432.out
 WC10432.out
 WC10433.out
 WC10433.out
 read wc
 put in data
 end if statemnt
 UPDATE STRESS FIELD
 
 ERRE=  4.8425280E-10
 ERRS=   38.70077    
 DDISGRADMACRO(1,1),(2,2)= -7.6823189E-06 -4.5663628E-06
 STRAIN FIELD ERROR =  9.6850554E-06
 STRESS FIELD ERROR =   5.988467    
 in  loop
 writing...
 ITER =            2
 DIRECT FFT OF STRESS FIELD
 CALCULATING G^pq,ij : SG^ij ...
 INVERSE FFT TO GET STRAIN FIELD
 writing sg components for this iteration...
           1
           2
           3
           4
 matlab -nojvm -r "infile='SG10433.out';fast"

                            < M A T L A B (R) >
                  Copyright 1984-2017 The MathWorks, Inc.
                   R2017a (9.2.0.556344) 64-bit (glnxa64)
                               March 27, 2017

 
For online documentation, see http://www.mathworks.com/support
For product information, visit www.mathworks.com.
 

ei =

     1


ej =

     1


ei =

     1


ej =

     2


ei =

     1


ej =

     3


ei =

     2


ej =

     1


ei =

     2


ej =

     2


ei =

     2


ej =

     3


ei =

     3


ej =

     1


ei =

     3


ej =

     2


ei =

     3


ej =

     3

Elapsed time is 177.556798 seconds.
writing

i =

     1


j =

     1


i =

     1


j =

     2


i =

     1


j =

     3


i =

     2


j =

     1


i =

     2


j =

     2


i =

     2


j =

     3


i =

     3


j =

     1


i =

     3


j =

     2


i =

     3


j =

     3


i =

     1


j =

     1


i =

     1


j =

     2


i =

     1


j =

     3


i =

     2


j =

     1


i =

     2


j =

     2


i =

     2


j =

     3


i =

     3


j =

     1


i =

     3


j =

     2


i =

     3


j =

     3


i =

     1


j =

     1


i =

     1


j =

     2


i =

     1


j =

     3


i =

     2


j =

     1


i =

     2


j =

     2


i =

     2


j =

     3


i =

     3


j =

     1


i =

     3


j =

     2


i =

     3


j =

     3


i =

     1


j =

     1


i =

     1


j =

     2


i =

     1


j =

     3


i =

     2


j =

     1


i =

     2


j =

     2


i =

     2


j =

     3


i =

     3


j =

     1


i =

     3


j =

     2


i =

     3


j =

     3

Elapsed time is 6.077069 seconds.
 read approx
 WC10111.out
 WC10111.out
 WC10112.out
 WC10112.out
 WC10113.out
 WC10113.out
 WC10121.out
 WC10121.out
 WC10122.out
 WC10122.out
 WC10123.out
 WC10123.out
 WC10131.out
 WC10131.out
 WC10132.out
 WC10132.out
 WC10133.out
 WC10133.out
 WC10211.out
 WC10211.out
 WC10212.out
 WC10212.out
 WC10213.out
 WC10213.out
 WC10221.out
 WC10221.out
 WC10222.out
 WC10222.out
 WC10223.out
 WC10223.out
 WC10231.out
 WC10231.out
 WC10232.out
 WC10232.out
 WC10233.out
 WC10233.out
 WC10311.out
 WC10311.out
 WC10312.out
 WC10312.out
 WC10313.out
 WC10313.out
 WC10321.out
 WC10321.out
 WC10322.out
 WC10322.out
 WC10323.out
 WC10323.out
 WC10331.out
 WC10331.out
 WC10332.out
 WC10332.out
 WC10333.out
 WC10333.out
 WC10411.out
 WC10411.out
 WC10412.out
 WC10412.out
 WC10413.out
 WC10413.out
 WC10421.out
 WC10421.out
 WC10422.out
 WC10422.out
 WC10423.out
 WC10423.out
 WC10431.out
 WC10431.out
 WC10432.out
 WC10432.out
 WC10433.out
 WC10433.out
 read wc
 put in data
 end if statemnt
 UPDATE STRESS FIELD
 
 ERRE=  4.3271695E-11
 ERRS=  0.6559868    
 DDISGRADMACRO(1,1),(2,2)= -5.3825006E-06 -7.7599998E-06
 STRAIN FIELD ERROR =  8.6543378E-07
 STRESS FIELD ERROR =  0.1064834    
 in  loop
 writing...
 ITER =            3
 DIRECT FFT OF STRESS FIELD
 CALCULATING G^pq,ij : SG^ij ...
 INVERSE FFT TO GET STRAIN FIELD
 writing sg components for this iteration...
           1
           2
           3
           4
 matlab -nojvm -r "infile='SG10433.out';fast"

                            < M A T L A B (R) >
                  Copyright 1984-2017 The MathWorks, Inc.
                   R2017a (9.2.0.556344) 64-bit (glnxa64)
                               March 27, 2017

 
For online documentation, see http://www.mathworks.com/support
For product information, visit www.mathworks.com.
 

ei =

     1


ej =

     1


ei =

     1


ej =

     2


ei =

     1


ej =

     3


ei =

     2


ej =

     1


ei =

     2


ej =

     2


ei =

     2


ej =

     3


ei =

     3


ej =

     1


ei =

     3


ej =

     2


ei =

     3


ej =

     3

Elapsed time is 178.131074 seconds.
writing

i =

     1


j =

     1


i =

     1


j =

     2


i =

     1


j =

     3


i =

     2


j =

     1


i =

     2


j =

     2


i =

     2


j =

     3


i =

     3


j =

     1


i =

     3


j =

     2


i =

     3


j =

     3


i =

     1


j =

     1


i =

     1


j =

     2


i =

     1


j =

     3


i =

     2


j =

     1


i =

     2


j =

     2


i =

     2


j =

     3


i =

     3


j =

     1


i =

     3


j =

     2


i =

     3


j =

     3


i =

     1


j =

     1


i =

     1


j =

     2


i =

     1


j =

     3


i =

     2


j =

     1


i =

     2


j =

     2


i =

     2


j =

     3


i =

     3


j =

     1


i =

     3


j =

     2


i =

     3


j =

     3


i =

     1


j =

     1


i =

     1


j =

     2


i =

     1


j =

     3


i =

     2


j =

     1


i =

     2


j =

     2


i =

     2


j =

     3


i =

     3


j =

     1


i =

     3


j =

     2


i =

     3


j =

     3

Elapsed time is 6.355336 seconds.
 read approx
 WC10111.out
 WC10111.out
 WC10112.out
 WC10112.out
 WC10113.out
 WC10113.out
 WC10121.out
 WC10121.out
 WC10122.out
 WC10122.out
 WC10123.out
 WC10123.out
 WC10131.out
 WC10131.out
 WC10132.out
 WC10132.out
 WC10133.out
 WC10133.out
 WC10211.out
 WC10211.out
 WC10212.out
 WC10212.out
 WC10213.out
 WC10213.out
 WC10221.out
 WC10221.out
 WC10222.out
 WC10222.out
 WC10223.out
 WC10223.out
 WC10231.out
 WC10231.out
 WC10232.out
 WC10232.out
 WC10233.out
 WC10233.out
 WC10311.out
 WC10311.out
 WC10312.out
 WC10312.out
 WC10313.out
 WC10313.out
 WC10321.out
 WC10321.out
 WC10322.out
 WC10322.out
 WC10323.out
 WC10323.out
 WC10331.out
 WC10331.out
 WC10332.out
 WC10332.out
 WC10333.out
 WC10333.out
 WC10411.out
 WC10411.out
 WC10412.out
 WC10412.out
 WC10413.out
 WC10413.out
 WC10421.out
 WC10421.out
 WC10422.out
 WC10422.out
 WC10423.out
 WC10423.out
 WC10431.out
 WC10431.out
 WC10432.out
 WC10432.out
 WC10433.out
 WC10433.out
 read wc
 put in data
 end if statemnt
 UPDATE STRESS FIELD
 
 ERRE=  7.6992371E-11
 ERRS=   9.858503    
 DDISGRADMACRO(1,1),(2,2)=  4.6968680E-06  8.4492615E-07
 STRAIN FIELD ERROR =  1.5398472E-06
 STRESS FIELD ERROR =   1.467600    
 in  loop
 writing...
 ITER =            4
 DIRECT FFT OF STRESS FIELD
 CALCULATING G^pq,ij : SG^ij ...
 INVERSE FFT TO GET STRAIN FIELD
 writing sg components for this iteration...
           1
           2
           3
           4
 matlab -nojvm -r "infile='SG10433.out';fast"

                            < M A T L A B (R) >
                  Copyright 1984-2017 The MathWorks, Inc.
                   R2017a (9.2.0.556344) 64-bit (glnxa64)
                               March 27, 2017

 
For online documentation, see http://www.mathworks.com/support
For product information, visit www.mathworks.com.
 

ei =

     1


ej =

     1


ei =

     1


ej =

     2


ei =

     1


ej =

     3


ei =

     2


ej =

     1


ei =

     2


ej =

     2


ei =

     2


ej =

     3


ei =

     3


ej =

     1


ei =

     3


ej =

     2


ei =

     3


ej =

     3

Elapsed time is 178.239368 seconds.
writing

i =

     1


j =

     1


i =

     1


j =

     2


i =

     1


j =

     3


i =

     2


j =

     1


i =

     2


j =

     2


i =

     2


j =

     3


i =

     3


j =

     1


i =

     3


j =

     2


i =

     3


j =

     3


i =

     1


j =

     1


i =

     1


j =

     2


i =

     1


j =

     3


i =

     2


j =

     1


i =

     2


j =

     2


i =

     2


j =

     3


i =

     3


j =

     1


i =

     3


j =

     2


i =

     3


j =

     3


i =

     1


j =

     1


i =

     1


j =

     2


i =

     1


j =

     3


i =

     2


j =

     1


i =

     2


j =

     2


i =

     2


j =

     3


i =

     3


j =

     1


i =

     3


j =

     2


i =

     3


j =

     3


i =

     1


j =

     1


i =

     1


j =

     2


i =

     1


j =

     3


i =

     2


j =

     1


i =

     2


j =

     2


i =

     2


j =

     3


i =

     3


j =

     1


i =

     3


j =

     2


i =

     3


j =

     3

Elapsed time is 5.805392 seconds.
 read approx
 WC10111.out
 WC10111.out
 WC10112.out
 WC10112.out
 WC10113.out
 WC10113.out
 WC10121.out
 WC10121.out
 WC10122.out
 WC10122.out
 WC10123.out
 WC10123.out
 WC10131.out
 WC10131.out
 WC10132.out
 WC10132.out
 WC10133.out
 WC10133.out
 WC10211.out
 WC10211.out
 WC10212.out
 WC10212.out
 WC10213.out
 WC10213.out
 WC10221.out
 WC10221.out
 WC10222.out
 WC10222.out
 WC10223.out
 WC10223.out
 WC10231.out
 WC10231.out
 WC10232.out
 WC10232.out
 WC10233.out
 WC10233.out
 WC10311.out
 WC10311.out
 WC10312.out
 WC10312.out
 WC10313.out
 WC10313.out
 WC10321.out
 WC10321.out
 WC10322.out
 WC10322.out
 WC10323.out
 WC10323.out
 WC10331.out
 WC10331.out
 WC10332.out
 WC10332.out
 WC10333.out
 WC10333.out
 WC10411.out
 WC10411.out
 WC10412.out
 WC10412.out
 WC10413.out
 WC10413.out
 WC10421.out
 WC10421.out
 WC10422.out
 WC10422.out
 WC10423.out
 WC10423.out
 WC10431.out
 WC10431.out
 WC10432.out
 WC10432.out
 WC10433.out
 WC10433.out
 read wc
 put in data
 end if statemnt
 UPDATE STRESS FIELD
 
 ERRE=  1.3806354E-11
 ERRS=  0.2708760    
 DDISGRADMACRO(1,1),(2,2)=  3.5934331E-06  3.2561941E-06
 STRAIN FIELD ERROR =  2.7612705E-07
 STRESS FIELD ERROR =  3.9878193E-02
 in  loop
 writing...
 ITER =            5
 DIRECT FFT OF STRESS FIELD
 CALCULATING G^pq,ij : SG^ij ...
 INVERSE FFT TO GET STRAIN FIELD
 writing sg components for this iteration...
           1
           2
           3
           4
 matlab -nojvm -r "infile='SG10433.out';fast"

                            < M A T L A B (R) >
                  Copyright 1984-2017 The MathWorks, Inc.
                   R2017a (9.2.0.556344) 64-bit (glnxa64)
                               March 27, 2017

 
For online documentation, see http://www.mathworks.com/support
For product information, visit www.mathworks.com.
 

ei =

     1


ej =

     1


ei =

     1


ej =

     2


ei =

     1


ej =

     3


ei =

     2


ej =

     1


ei =

     2


ej =

     2


ei =

     2


ej =

     3


ei =

     3


ej =

     1


ei =

     3


ej =

     2


ei =

     3


ej =

     3

Elapsed time is 174.271128 seconds.
writing

i =

     1


j =

     1


i =

     1


j =

     2


i =

     1


j =

     3


i =

     2


j =

     1


i =

     2


j =

     2


i =

     2


j =

     3


i =

     3


j =

     1


i =

     3


j =

     2


i =

     3


j =

     3


i =

     1


j =

     1


i =

     1


j =

     2


i =

     1


j =

     3


i =

     2


j =

     1


i =

     2


j =

     2


i =

     2


j =

     3


i =

     3


j =

     1


i =

     3


j =

     2


i =

     3


j =

     3


i =

     1


j =

     1


i =

     1


j =

     2


i =

     1


j =

     3


i =

     2


j =

     1


i =

     2


j =

     2


i =

     2


j =

     3


i =

     3


j =

     1


i =

     3


j =

     2


i =

     3


j =

     3


i =

     1


j =

     1


i =

     1


j =

     2


i =

     1


j =

     3


i =

     2


j =

     1


i =

     2


j =

     2


i =

     2


j =

     3


i =

     3


j =

     1


i =

     3


j =

     2


i =

     3


j =

     3

Elapsed time is 5.841367 seconds.
 read approx
 WC10111.out
 WC10111.out
 WC10112.out
 WC10112.out
 WC10113.out
 WC10113.out
 WC10121.out
 WC10121.out
 WC10122.out
 WC10122.out
 WC10123.out
 WC10123.out
 WC10131.out
 WC10131.out
 WC10132.out
 WC10132.out
 WC10133.out
 WC10133.out
 WC10211.out
 WC10211.out
 WC10212.out
 WC10212.out
 WC10213.out
 WC10213.out
 WC10221.out
 WC10221.out
 WC10222.out
 WC10222.out
 WC10223.out
 WC10223.out
 WC10231.out
 WC10231.out
 WC10232.out
 WC10232.out
 WC10233.out
 WC10233.out
 WC10311.out
 WC10311.out
 WC10312.out
 WC10312.out
 WC10313.out
 WC10313.out
 WC10321.out
 WC10321.out
 WC10322.out
 WC10322.out
 WC10323.out
 WC10323.out
 WC10331.out
 WC10331.out
 WC10332.out
 WC10332.out
 WC10333.out
 WC10333.out
 WC10411.out
 WC10411.out
 WC10412.out
 WC10412.out
 WC10413.out
 WC10413.out
 WC10421.out
 WC10421.out
 WC10422.out
 WC10422.out
 WC10423.out
 WC10423.out
 WC10431.out
 WC10431.out
 WC10432.out
 WC10432.out
 WC10433.out
 WC10433.out
 read wc
 put in data
 end if statemnt
 UPDATE STRESS FIELD
 
 ERRE=  2.3229663E-11
 ERRS=   2.397273    
 DDISGRADMACRO(1,1),(2,2)= -2.2715492E-06 -7.2617638E-08
 STRAIN FIELD ERROR =  4.6459320E-07
 STRESS FIELD ERROR =  0.3670207    
 in  loop
 writing...
 ITER =            6
 DIRECT FFT OF STRESS FIELD
 CALCULATING G^pq,ij : SG^ij ...
 INVERSE FFT TO GET STRAIN FIELD
 writing sg components for this iteration...
           1
           2
           3
           4
 matlab -nojvm -r "infile='SG10433.out';fast"

                            < M A T L A B (R) >
                  Copyright 1984-2017 The MathWorks, Inc.
                   R2017a (9.2.0.556344) 64-bit (glnxa64)
                               March 27, 2017

 
For online documentation, see http://www.mathworks.com/support
For product information, visit www.mathworks.com.
 

ei =

     1


ej =

     1


ei =

     1


ej =

     2


ei =

     1


ej =

     3


ei =

     2


ej =

     1


ei =

     2


ej =

     2


ei =

     2


ej =

     3


ei =

     3


ej =

     1


ei =

     3


ej =

     2


ei =

     3


ej =

     3

Elapsed time is 175.026477 seconds.
writing

i =

     1


j =

     1


i =

     1


j =

     2


i =

     1


j =

     3


i =

     2


j =

     1


i =

     2


j =

     2


i =

     2


j =

     3


i =

     3


j =

     1


i =

     3


j =

     2


i =

     3


j =

     3


i =

     1


j =

     1


i =

     1


j =

     2


i =

     1


j =

     3


i =

     2


j =

     1


i =

     2


j =

     2


i =

     2


j =

     3


i =

     3


j =

     1


i =

     3


j =

     2


i =

     3


j =

     3


i =

     1


j =

     1


i =

     1


j =

     2


i =

     1


j =

     3


i =

     2


j =

     1


i =

     2


j =

     2


i =

     2


j =

     3


i =

     3


j =

     1


i =

     3


j =

     2


i =

     3


j =

     3


i =

     1


j =

     1


i =

     1


j =

     2


i =

     1


j =

     3


i =

     2


j =

     1


i =

     2


j =

     2


i =

     2


j =

     3


i =

     3


j =

     1


i =

     3


j =

     2


i =

     3


j =

     3

Elapsed time is 5.864683 seconds.
 read approx
 WC10111.out
 WC10111.out
 WC10112.out
 WC10112.out
 WC10113.out
 WC10113.out
 WC10121.out
 WC10121.out
 WC10122.out
 WC10122.out
 WC10123.out
 WC10123.out
 WC10131.out
 WC10131.out
 WC10132.out
 WC10132.out
 WC10133.out
 WC10133.out
 WC10211.out
 WC10211.out
 WC10212.out
 WC10212.out
 WC10213.out
 WC10213.out
 WC10221.out
 WC10221.out
 WC10222.out
 WC10222.out
 WC10223.out
 WC10223.out
 WC10231.out
 WC10231.out
 WC10232.out
 WC10232.out
 WC10233.out
 WC10233.out
 WC10311.out
 WC10311.out
 WC10312.out
 WC10312.out
 WC10313.out
 WC10313.out
 WC10321.out
 WC10321.out
 WC10322.out
 WC10322.out
 WC10323.out
 WC10323.out
 WC10331.out
 WC10331.out
 WC10332.out
 WC10332.out
 WC10333.out
 WC10333.out
 WC10411.out
 WC10411.out
 WC10412.out
 WC10412.out
 WC10413.out
 WC10413.out
 WC10421.out
 WC10421.out
 WC10422.out
 WC10422.out
 WC10423.out
 WC10423.out
 WC10431.out
 WC10431.out
 WC10432.out
 WC10432.out
 WC10433.out
 WC10433.out
 read wc
 put in data
 end if statemnt
 UPDATE STRESS FIELD
 
 ERRE=  2.4741426E-12
 ERRS=  7.6556727E-02
 DDISGRADMACRO(1,1),(2,2)= -2.1584101E-06 -1.2239158E-06
 STRAIN FIELD ERROR =  4.9482846E-08
 STRESS FIELD ERROR =  1.1756117E-02
 in  loop
 writing...
 ITER =            7
 DIRECT FFT OF STRESS FIELD
 CALCULATING G^pq,ij : SG^ij ...
 INVERSE FFT TO GET STRAIN FIELD
 writing sg components for this iteration...
           1
           2
           3
           4
 matlab -nojvm -r "infile='SG10433.out';fast"

                            < M A T L A B (R) >
                  Copyright 1984-2017 The MathWorks, Inc.
                   R2017a (9.2.0.556344) 64-bit (glnxa64)
                               March 27, 2017

 
For online documentation, see http://www.mathworks.com/support
For product information, visit www.mathworks.com.
 

ei =

     1


ej =

     1


ei =

     1


ej =

     2


ei =

     1


ej =

     3


ei =

     2


ej =

     1


ei =

     2


ej =

     2


ei =

     2


ej =

     3


ei =

     3


ej =

     1


ei =

     3


ej =

     2


ei =

     3


ej =

     3

Elapsed time is 174.599296 seconds.
writing

i =

     1


j =

     1


i =

     1


j =

     2


i =

     1


j =

     3


i =

     2


j =

     1


i =

     2


j =

     2


i =

     2


j =

     3


i =

     3


j =

     1


i =

     3


j =

     2


i =

     3


j =

     3


i =

     1


j =

     1


i =

     1


j =

     2


i =

     1


j =

     3


i =

     2


j =

     1


i =

     2


j =

     2


i =

     2


j =

     3


i =

     3


j =

     1


i =

     3


j =

     2


i =

     3


j =

     3


i =

     1


j =

     1


i =

     1


j =

     2


i =

     1


j =

     3


i =

     2


j =

     1


i =

     2


j =

     2


i =

     2


j =

     3


i =

     3


j =

     1


i =

     3


j =

     2


i =

     3


j =

     3


i =

     1


j =

     1


i =

     1


j =

     2


i =

     1


j =

     3


i =

     2


j =

     1


i =

     2


j =

     2


i =

     2


j =

     3


i =

     3


j =

     1


i =

     3


j =

     2


i =

     3


j =

     3

Elapsed time is 6.331599 seconds.
 read approx
 WC10111.out
 WC10111.out
 WC10112.out
 WC10112.out
 WC10113.out
 WC10113.out
 WC10121.out
 WC10121.out
 WC10122.out
 WC10122.out
 WC10123.out
 WC10123.out
 WC10131.out
 WC10131.out
 WC10132.out
 WC10132.out
 WC10133.out
 WC10133.out
 WC10211.out
 WC10211.out
 WC10212.out
 WC10212.out
 WC10213.out
 WC10213.out
 WC10221.out
 WC10221.out
 WC10222.out
 WC10222.out
 WC10223.out
 WC10223.out
 WC10231.out
 WC10231.out
 WC10232.out
 WC10232.out
 WC10233.out
 WC10233.out
 WC10311.out
 WC10311.out
 WC10312.out
 WC10312.out
 WC10313.out
 WC10313.out
 WC10321.out
 WC10321.out
 WC10322.out
 WC10322.out
 WC10323.out
 WC10323.out
 WC10331.out
 WC10331.out
 WC10332.out
 WC10332.out
 WC10333.out
 WC10333.out
 WC10411.out
 WC10411.out
 WC10412.out
 WC10412.out
 WC10413.out
 WC10413.out
 WC10421.out
 WC10421.out
 WC10422.out
 WC10422.out
 WC10423.out
 WC10423.out
 WC10431.out
 WC10431.out
 WC10432.out
 WC10432.out
 WC10433.out
 WC10433.out
 read wc
 put in data
 end if statemnt
 UPDATE STRESS FIELD
 
 ERRE=  4.7349453E-04
 ERRS=  0.5607349    
 DDISGRADMACRO(1,1),(2,2)=  1.0108956E-06  5.3494006E-08
 STRAIN FIELD ERROR =   9.469890    
 STRESS FIELD ERROR =  8.4080294E-02
 in  loop
 writing...
 ITER =            8
 DIRECT FFT OF STRESS FIELD
 CALCULATING G^pq,ij : SG^ij ...
 INVERSE FFT TO GET STRAIN FIELD
 writing sg components for this iteration...
           1
           2
           3
           4
 matlab -nojvm -r "infile='SG10433.out';fast"

                            < M A T L A B (R) >
                  Copyright 1984-2017 The MathWorks, Inc.
                   R2017a (9.2.0.556344) 64-bit (glnxa64)
                               March 27, 2017

 
For online documentation, see http://www.mathworks.com/support
For product information, visit www.mathworks.com.
 

ei =

     1


ej =

     1


ei =

     1


ej =

     2


ei =

     1


ej =

     3


ei =

     2


ej =

     1


ei =

     2


ej =

     2


ei =

     2


ej =

     3


ei =

     3


ej =

     1


ei =

     3


ej =

     2


ei =

     3


ej =

     3

Elapsed time is 174.855504 seconds.
writing

i =

     1


j =

     1


i =

     1


j =

     2


i =

     1


j =

     3


i =

     2


j =

     1


i =

     2


j =

     2


i =

     2


j =

     3


i =

     3


j =

     1


i =

     3


j =

     2


i =

     3


j =

     3


i =

     1


j =

     1


i =

     1


j =

     2


i =

     1


j =

     3


i =

     2


j =

     1


i =

     2


j =

     2


i =

     2


j =

     3


i =

     3


j =

     1


i =

     3


j =

     2


i =

     3


j =

     3


i =

     1


j =

     1


i =

     1


j =

     2


i =

     1


j =

     3


i =

     2


j =

     1


i =

     2


j =

     2


i =

     2


j =

     3


i =

     3


j =

     1


i =

     3


j =

     2


i =

     3


j =

     3


i =

     1


j =

     1


i =

     1


j =

     2


i =

     1


j =

     3


i =

     2


j =

     1


i =

     2


j =

     2


i =

     2


j =

     3


i =

     3


j =

     1


i =

     3


j =

     2


i =

     3


j =

     3

Elapsed time is 6.524757 seconds.
 read approx
 WC10111.out
 WC10111.out
 WC10112.out
 WC10112.out
 WC10113.out
 WC10113.out
 WC10121.out
 WC10121.out
 WC10122.out
 WC10122.out
 WC10123.out
 WC10123.out
 WC10131.out
 WC10131.out
 WC10132.out
 WC10132.out
 WC10133.out
 WC10133.out
 WC10211.out
 WC10211.out
 WC10212.out
 WC10212.out
 WC10213.out
 WC10213.out
 WC10221.out
 WC10221.out
 WC10222.out
 WC10222.out
 WC10223.out
 WC10223.out
 WC10231.out
 WC10231.out
 WC10232.out
 WC10232.out
 WC10233.out
 WC10233.out
 WC10311.out
 WC10311.out
 WC10312.out
 WC10312.out
 WC10313.out
 WC10313.out
 WC10321.out
 WC10321.out
 WC10322.out
 WC10322.out
 WC10323.out
 WC10323.out
 WC10331.out
 WC10331.out
 WC10332.out
 WC10332.out
 WC10333.out
 WC10333.out
 WC10411.out
 WC10411.out
 WC10412.out
 WC10412.out
 WC10413.out
 WC10413.out
 WC10421.out
 WC10421.out
 WC10422.out
 WC10422.out
 WC10423.out
 WC10423.out
 WC10431.out
 WC10431.out
 WC10432.out
 WC10432.out
 WC10433.out
 WC10433.out
 read wc
 put in data
 end if statemnt
 UPDATE STRESS FIELD
 
 ERRE=  2.3997370E-02
 ERRS=  2.5953408E-02
 DDISGRADMACRO(1,1),(2,2)=  1.2459971E-06  4.3653486E-07
 STRAIN FIELD ERROR =   479.9474    
 STRESS FIELD ERROR =  3.8766600E-03
 in  loop
 writing...
 ITER =            9
 DIRECT FFT OF STRESS FIELD
 CALCULATING G^pq,ij : SG^ij ...
 INVERSE FFT TO GET STRAIN FIELD
 writing sg components for this iteration...
           1
           2
           3
           4
 matlab -nojvm -r "infile='SG10433.out';fast"

                            < M A T L A B (R) >
                  Copyright 1984-2017 The MathWorks, Inc.
                   R2017a (9.2.0.556344) 64-bit (glnxa64)
                               March 27, 2017

 
For online documentation, see http://www.mathworks.com/support
For product information, visit www.mathworks.com.
 

ei =

     1


ej =

     1


ei =

     1


ej =

     2


ei =

     1


ej =

     3


ei =

     2


ej =

     1


ei =

     2


ej =

     2


ei =

     2


ej =

     3


ei =

     3


ej =

     1


ei =

     3


ej =

     2


ei =

     3


ej =

     3

Elapsed time is 175.980837 seconds.
writing

i =

     1


j =

     1


i =

     1


j =

     2


i =

     1


j =

     3


i =

     2


j =

     1


i =

     2


j =

     2


i =

     2


j =

     3


i =

     3


j =

     1


i =

     3


j =

     2


i =

     3


j =

     3


i =

     1


j =

     1


i =

     1


j =

     2


i =

     1


j =

     3


i =

     2


j =

     1


i =

     2


j =

     2


i =

     2


j =

     3


i =

     3


j =

     1


i =

     3


j =

     2


i =

     3


j =

     3


i =

     1


j =

     1


i =

     1


j =

     2


i =

     1


j =

     3


i =

     2


j =

     1


i =

     2


j =

     2


i =

     2


j =

     3


i =

     3


j =

     1


i =

     3


j =

     2


i =

     3


j =

     3


i =

     1


j =

     1


i =

     1


j =

     2


i =

     1


j =

     3


i =

     2


j =

     1


i =

     2


j =

     2


i =

     2


j =

     3


i =

     3


j =

     1


i =

     3


j =

     2


i =

     3


j =

     3

Elapsed time is 5.734596 seconds.
 read approx
 WC10111.out
 WC10111.out
 WC10112.out
 WC10112.out
 WC10113.out
 WC10113.out
 WC10121.out
 WC10121.out
 WC10122.out
 WC10122.out
 WC10123.out
 WC10123.out
 WC10131.out
 WC10131.out
 WC10132.out
 WC10132.out
 WC10133.out
 WC10133.out
 WC10211.out
 WC10211.out
 WC10212.out
 WC10212.out
 WC10213.out
 WC10213.out
 WC10221.out
 WC10221.out
 WC10222.out
 WC10222.out
 WC10223.out
 WC10223.out
 WC10231.out
 WC10231.out
 WC10232.out
 WC10232.out
 WC10233.out
 WC10233.out
 WC10311.out
 WC10311.out
 WC10312.out
 WC10312.out
 WC10313.out
 WC10313.out
 WC10321.out
 WC10321.out
 WC10322.out
 WC10322.out
 WC10323.out
 WC10323.out
 WC10331.out
 WC10331.out
 WC10332.out
 WC10332.out
 WC10333.out
 WC10333.out
 WC10411.out
 WC10411.out
 WC10412.out
 WC10412.out
 WC10413.out
 WC10413.out
 WC10421.out
 WC10421.out
 WC10422.out
 WC10422.out
 WC10423.out
 WC10423.out
 WC10431.out
 WC10431.out
 WC10432.out
 WC10432.out
 WC10433.out
 WC10433.out
 read wc
 put in data
 end if statemnt
 UPDATE STRESS FIELD
 
 ERRE=  5.8919352E-02
 ERRS=  0.1564176    
 DDISGRADMACRO(1,1),(2,2)= -3.8832789E-07 -1.2262498E-07
 STRAIN FIELD ERROR =   1178.387    
 STRESS FIELD ERROR =  2.3623999E-02
 in  loop
 writing...
 ITER =           10
 DIRECT FFT OF STRESS FIELD
 CALCULATING G^pq,ij : SG^ij ...
 INVERSE FFT TO GET STRAIN FIELD
 writing sg components for this iteration...
           1
           2
           3
           4
 matlab -nojvm -r "infile='SG10433.out';fast"

                            < M A T L A B (R) >
                  Copyright 1984-2017 The MathWorks, Inc.
                   R2017a (9.2.0.556344) 64-bit (glnxa64)
                               March 27, 2017

 
For online documentation, see http://www.mathworks.com/support
For product information, visit www.mathworks.com.
 

ei =

     1


ej =

     1


ei =

     1


ej =

     2


ei =

     1


ej =

     3


ei =

     2


ej =

     1


ei =

     2


ej =

     2


ei =

     2


ej =

     3


ei =

     3


ej =

     1


ei =

     3


ej =

     2


ei =

     3


ej =

     3

Elapsed time is 175.816607 seconds.
writing

i =

     1


j =

     1


i =

     1


j =

     2


i =

     1


j =

     3


i =

     2


j =

     1


i =

     2


j =

     2


i =

     2


j =

     3


i =

     3


j =

     1


i =

     3


j =

     2


i =

     3


j =

     3


i =

     1


j =

     1


i =

     1


j =

     2


i =

     1


j =

     3


i =

     2


j =

     1


i =

     2


j =

     2


i =

     2


j =

     3


i =

     3


j =

     1


i =

     3


j =

     2


i =

     3


j =

     3


i =

     1


j =

     1


i =

     1


j =

     2


i =

     1


j =

     3


i =

     2


j =

     1


i =

     2


j =

     2


i =

     2


j =

     3


i =

     3


j =

     1


i =

     3


j =

     2


i =

     3


j =

     3


i =

     1


j =

     1


i =

     1


j =

     2


i =

     1


j =

     3


i =

     2


j =

     1


i =

     2


j =

     2


i =

     2


j =

     3


i =

     3


j =

     1


i =

     3


j =

     2


i =

     3


j =

     3

Elapsed time is 5.871717 seconds.
 read approx
 WC10111.out
 WC10111.out
 WC10112.out
 WC10112.out
 WC10113.out
 WC10113.out
 WC10121.out
 WC10121.out
 WC10122.out
 WC10122.out
 WC10123.out
 WC10123.out
 WC10131.out
 WC10131.out
 WC10132.out
 WC10132.out
 WC10133.out
 WC10133.out
 WC10211.out
 WC10211.out
 WC10212.out
 WC10212.out
 WC10213.out
 WC10213.out
 WC10221.out
 WC10221.out
 WC10222.out
 WC10222.out
 WC10223.out
 WC10223.out
 WC10231.out
 WC10231.out
 WC10232.out
 WC10232.out
 WC10233.out
 WC10233.out
 WC10311.out
 WC10311.out
 WC10312.out
 WC10312.out
 WC10313.out
 WC10313.out
 WC10321.out
 WC10321.out
 WC10322.out
 WC10322.out
 WC10323.out
 WC10323.out
 WC10331.out
 WC10331.out
 WC10332.out
 WC10332.out
 WC10333.out
 WC10333.out
 WC10411.out
 WC10411.out
 WC10412.out
 WC10412.out
 WC10413.out
 WC10413.out
 WC10421.out
 WC10421.out
 WC10422.out
 WC10422.out
 WC10423.out
 WC10423.out
 WC10431.out
 WC10431.out
 WC10432.out
 WC10432.out
 WC10433.out
 WC10433.out
 read wc
 put in data
 end if statemnt
 UPDATE STRESS FIELD
 
 ERRE=  0.1128443    
 ERRS=  2.9018171E-02
 DDISGRADMACRO(1,1),(2,2)= -6.8660637E-07 -1.8094349E-07
 STRAIN FIELD ERROR =   2256.885    
 STRESS FIELD ERROR =  4.3947725E-03
 in  loop
 writing...
 ITER =           11
 DIRECT FFT OF STRESS FIELD
 CALCULATING G^pq,ij : SG^ij ...
 INVERSE FFT TO GET STRAIN FIELD
 end if statemnt
 UPDATE STRESS FIELD
 
 ERRE=  6.4893305E-02
 ERRS=  1.8971045E-02
 DDISGRADMACRO(1,1),(2,2)= -3.7093233E-07 -3.7556582E-08
 STRAIN FIELD ERROR =   1297.866    
 STRESS FIELD ERROR =  2.8690908E-03
 in  loop
 writing...
 ITER =           12
 DIRECT FFT OF STRESS FIELD
 CALCULATING G^pq,ij : SG^ij ...
 INVERSE FFT TO GET STRAIN FIELD
 end if statemnt
 UPDATE STRESS FIELD
 
 ERRE=  4.3835666E-02
 ERRS=  2.6168341E-02
 DDISGRADMACRO(1,1),(2,2)=  4.1384325E-08  9.0787964E-08
 STRAIN FIELD ERROR =   876.7132    
 STRESS FIELD ERROR =  3.9482182E-03
 in  loop
 writing...
 ITER =           13
 DIRECT FFT OF STRESS FIELD
 CALCULATING G^pq,ij : SG^ij ...
 INVERSE FFT TO GET STRAIN FIELD
 end if statemnt
 UPDATE STRESS FIELD
 
 ERRE=  4.6402160E-02
 ERRS=  1.0717634E-02
 DDISGRADMACRO(1,1),(2,2)=  2.1920540E-07  9.6562886E-08
 STRAIN FIELD ERROR =   928.0431    
 STRESS FIELD ERROR =  1.6153823E-03
 in  loop
 writing...
 ITER =           14
 DIRECT FFT OF STRESS FIELD
 CALCULATING G^pq,ij : SG^ij ...
 INVERSE FFT TO GET STRAIN FIELD
 end if statemnt
 UPDATE STRESS FIELD
 
 ERRE=  5.5756435E-02
 ERRS=  3.1126195E-03
 DDISGRADMACRO(1,1),(2,2)=  1.5786216E-07  2.1401068E-08
 STRAIN FIELD ERROR =   1115.129    
 STRESS FIELD ERROR =  4.6934548E-04
 in  loop
 writing...
 ITER =           15
 DIRECT FFT OF STRESS FIELD
 CALCULATING G^pq,ij : SG^ij ...
 INVERSE FFT TO GET STRAIN FIELD
 end if statemnt
 UPDATE STRESS FIELD
 
 ERRE=  6.3269615E-02
 ERRS=  2.0146701E-03
 DDISGRADMACRO(1,1),(2,2)=  2.0591740E-08 -4.3434596E-08
 STRAIN FIELD ERROR =   1265.392    
 STRESS FIELD ERROR =  3.0404603E-04
 in  loop
 writing...
 ITER =           16
 DIRECT FFT OF STRESS FIELD
 CALCULATING G^pq,ij : SG^ij ...
 INVERSE FFT TO GET STRAIN FIELD
 end if statemnt
 UPDATE STRESS FIELD
 
 ERRE=  6.5739259E-02
 ERRS=  9.5882732E-04
 DDISGRADMACRO(1,1),(2,2)= -5.9370038E-08 -5.1672959E-08
 STRAIN FIELD ERROR =   1314.785    
 STRESS FIELD ERROR =  1.4476138E-04
 in  loop
 writing...
 ITER =           17
 DIRECT FFT OF STRESS FIELD
 CALCULATING G^pq,ij : SG^ij ...
 INVERSE FFT TO GET STRAIN FIELD
 end if statemnt
 UPDATE STRESS FIELD
 
 ERRE=  6.5360352E-02
 ERRS=  4.1033039E-04
 DDISGRADMACRO(1,1),(2,2)= -5.6587343E-08 -1.9416369E-08
 STRAIN FIELD ERROR =   1307.207    
 STRESS FIELD ERROR =  6.1942497E-05
 in  loop
 writing...
 ITER =           18
 DIRECT FFT OF STRESS FIELD
 CALCULATING G^pq,ij : SG^ij ...
 INVERSE FFT TO GET STRAIN FIELD
 end if statemnt
 UPDATE STRESS FIELD
 
 ERRE=  6.5309532E-02
 ERRS=  2.6171081E-04
 DDISGRADMACRO(1,1),(2,2)= -1.6247785E-08  1.3462290E-08
 STRAIN FIELD ERROR =   1306.190    
 STRESS FIELD ERROR =  3.9494127E-05
 in  loop
 writing...
 ITER =           19
 DIRECT FFT OF STRESS FIELD
 CALCULATING G^pq,ij : SG^ij ...
 INVERSE FFT TO GET STRAIN FIELD
 end if statemnt
 UPDATE STRESS FIELD
 
 ERRE=  6.6928476E-02
 ERRS=  1.1140927E-04
 DDISGRADMACRO(1,1),(2,2)=  1.3776853E-08  2.3260760E-08
 STRAIN FIELD ERROR =   1338.569    
 STRESS FIELD ERROR =  1.6809405E-05
 in  loop
 writing...
 ITER =           20
 DIRECT FFT OF STRESS FIELD
 CALCULATING G^pq,ij : SG^ij ...
 INVERSE FFT TO GET STRAIN FIELD
 end if statemnt
 UPDATE STRESS FIELD
 
 ERRE=  6.9762535E-02
 ERRS=  5.3073578E-05
 DDISGRADMACRO(1,1),(2,2)=  1.7960957E-08  1.2929085E-08
 STRAIN FIELD ERROR =   1395.250    
 STRESS FIELD ERROR =  8.0079626E-06
 in  loop
 writing...
 ITER =           21
 DIRECT FFT OF STRESS FIELD
 CALCULATING G^pq,ij : SG^ij ...
 INVERSE FFT TO GET STRAIN FIELD
 end if statemnt
 UPDATE STRESS FIELD
 
 ERRE=  7.2556920E-02
 ERRS=  3.8721017E-05
 DDISGRADMACRO(1,1),(2,2)=  7.2075328E-09 -1.6334335E-09
 STRAIN FIELD ERROR =   1451.138    
 STRESS FIELD ERROR =  5.8430910E-06
 in  loop
 writing...
 ITER =           22
 DIRECT FFT OF STRESS FIELD
 CALCULATING G^pq,ij : SG^ij ...
 INVERSE FFT TO GET STRAIN FIELD
 end if statemnt
 UPDATE STRESS FIELD
 
 ERRE=  7.4256778E-02
 ERRS=  1.4015193E-05
 DDISGRADMACRO(1,1),(2,2)= -2.7674054E-09 -8.5886729E-09
 STRAIN FIELD ERROR =   1485.135    
 STRESS FIELD ERROR =  2.1150963E-06
 in  loop
 writing...
 ITER =           23
 DIRECT FFT OF STRESS FIELD
 CALCULATING G^pq,ij : SG^ij ...
 INVERSE FFT TO GET STRAIN FIELD
 end if statemnt
 UPDATE STRESS FIELD
 
 ERRE=  7.4610665E-02
 ERRS=  4.7613075E-06
 DDISGRADMACRO(1,1),(2,2)= -5.2135776E-09 -6.6579369E-09
 STRAIN FIELD ERROR =   1492.213    
 STRESS FIELD ERROR =  7.1854714E-07
 in  loop
 writing...
 ITER =           24
 DIRECT FFT OF STRESS FIELD
 CALCULATING G^pq,ij : SG^ij ...
 INVERSE FFT TO GET STRAIN FIELD
 end if statemnt
 UPDATE STRESS FIELD
 
 ERRE=  7.4078970E-02
 ERRS=  5.2773444E-06
 DDISGRADMACRO(1,1),(2,2)= -2.4590037E-09 -1.2202094E-09
 STRAIN FIELD ERROR =   1481.579    
 STRESS FIELD ERROR =  7.9639261E-07
 in  loop
 writing...
 ITER =           25
 DIRECT FFT OF STRESS FIELD
 CALCULATING G^pq,ij : SG^ij ...
 INVERSE FFT TO GET STRAIN FIELD
 end if statemnt
 UPDATE STRESS FIELD
 
 ERRE=  7.3320895E-02
 ERRS=  2.4947321E-06
 DDISGRADMACRO(1,1),(2,2)=  6.1156791E-10  2.4566946E-09
 STRAIN FIELD ERROR =   1466.418    
 STRESS FIELD ERROR =  3.7646208E-07
 in  loop
 writing...
 ITER =           26
 DIRECT FFT OF STRESS FIELD
 CALCULATING G^pq,ij : SG^ij ...
 INVERSE FFT TO GET STRAIN FIELD
 end if statemnt
 UPDATE STRESS FIELD
 
 ERRE=  7.2781041E-02
 ERRS=  4.6153491E-07
 DDISGRADMACRO(1,1),(2,2)=  1.5110616E-09  2.7649190E-09
 STRAIN FIELD ERROR =   1455.621    
 STRESS FIELD ERROR =  6.9646504E-08
 in  loop
 writing...
 ITER =           27
 DIRECT FFT OF STRESS FIELD
 CALCULATING G^pq,ij : SG^ij ...
 INVERSE FFT TO GET STRAIN FIELD
 end if statemnt
 UPDATE STRESS FIELD
 
 ERRE=  7.2578184E-02
 ERRS=  5.3222959E-07
 DDISGRADMACRO(1,1),(2,2)=  7.2693013E-10  1.1191702E-09
 STRAIN FIELD ERROR =   1451.563    
 STRESS FIELD ERROR =  8.0315729E-08
 in  loop
 writing...
 ITER =           28
 DIRECT FFT OF STRESS FIELD
 CALCULATING G^pq,ij : SG^ij ...
 INVERSE FFT TO GET STRAIN FIELD
 end if statemnt
 UPDATE STRESS FIELD
 
 ERRE=  7.2609283E-02
 ERRS=  4.1372675E-07
 DDISGRADMACRO(1,1),(2,2)= -2.2305031E-10 -4.4565285E-10
 STRAIN FIELD ERROR =   1452.186    
 STRESS FIELD ERROR =  6.2433884E-08
 in  loop
 writing...
 ITER =           29
 DIRECT FFT OF STRESS FIELD
 CALCULATING G^pq,ij : SG^ij ...
 INVERSE FFT TO GET STRAIN FIELD
 end if statemnt
 UPDATE STRESS FIELD
 
 ERRE=  7.2708659E-02
 ERRS=  1.0168356E-07
 DDISGRADMACRO(1,1),(2,2)= -4.9184368E-10 -9.4299879E-10
 STRAIN FIELD ERROR =   1454.173    
 STRESS FIELD ERROR =  1.5344717E-08
 in  loop
 writing...
 ITER =           30
 DIRECT FFT OF STRESS FIELD
 CALCULATING G^pq,ij : SG^ij ...
 INVERSE FFT TO GET STRAIN FIELD
 end if statemnt
 UPDATE STRESS FIELD
 
 ERRE=  7.2762549E-02
 ERRS=  4.7551271E-08
 DDISGRADMACRO(1,1),(2,2)= -2.1056143E-10 -5.8092342E-10
 STRAIN FIELD ERROR =   1455.251    
 STRESS FIELD ERROR =  7.1757684E-09
 in  loop
 writing...
 ITER =           31
 DIRECT FFT OF STRESS FIELD
 CALCULATING G^pq,ij : SG^ij ...
 INVERSE FFT TO GET STRAIN FIELD
 end if statemnt
 UPDATE STRESS FIELD
 
 ERRE=  7.2742365E-02
 ERRS=  5.0141562E-08
 DDISGRADMACRO(1,1),(2,2)=  1.1512934E-10 -2.9884456E-11
 STRAIN FIELD ERROR =   1454.847    
 STRESS FIELD ERROR =  7.5666184E-09
 in  loop
 writing...
 ITER =           32
 DIRECT FFT OF STRESS FIELD
 CALCULATING G^pq,ij : SG^ij ...
 INVERSE FFT TO GET STRAIN FIELD
 end if statemnt
 UPDATE STRESS FIELD
 
 ERRE=  7.2679043E-02
 ERRS=  2.0267438E-08
 DDISGRADMACRO(1,1),(2,2)=  1.9416047E-10  2.5544872E-10
 STRAIN FIELD ERROR =   1453.581    
 STRESS FIELD ERROR =  3.0584539E-09
 in  loop
 writing...
 ITER =           33
 DIRECT FFT OF STRESS FIELD
 CALCULATING G^pq,ij : SG^ij ...
 INVERSE FFT TO GET STRAIN FIELD
 end if statemnt
 UPDATE STRESS FIELD
 
 ERRE=  7.2615981E-02
 ERRS=  7.2790880E-09
 DDISGRADMACRO(1,1),(2,2)=  7.4972209E-11  2.2817800E-10
 STRAIN FIELD ERROR =   1452.319    
 STRESS FIELD ERROR =  1.0984506E-09
 in  loop
 writing...
 ITER =           34
 DIRECT FFT OF STRESS FIELD
 CALCULATING G^pq,ij : SG^ij ...
 INVERSE FFT TO GET STRAIN FIELD
 end if statemnt
 UPDATE STRESS FIELD
 
 ERRE=  7.2579689E-02
 ERRS=  6.1196737E-09
 DDISGRADMACRO(1,1),(2,2)= -5.5809579E-11  7.0428038E-11
 STRAIN FIELD ERROR =   1451.594    
 STRESS FIELD ERROR =  9.2349101E-10
 in  loop
 writing...
 ITER =           35
 DIRECT FFT OF STRESS FIELD
 CALCULATING G^pq,ij : SG^ij ...
 INVERSE FFT TO GET STRAIN FIELD
 end if statemnt
 UPDATE STRESS FIELD
 
 ERRE=  7.2572127E-02
 ERRS=  3.3348539E-09
 DDISGRADMACRO(1,1),(2,2)= -8.6653990E-11 -4.6937516E-11
 STRAIN FIELD ERROR =   1451.442    
 STRESS FIELD ERROR =  5.0324761E-10
 in  loop
 writing...
 ITER =           36
 DIRECT FFT OF STRESS FIELD
 CALCULATING G^pq,ij : SG^ij ...
 INVERSE FFT TO GET STRAIN FIELD
 end if statemnt
 UPDATE STRESS FIELD
 
 ERRE=  7.2580107E-02
 ERRS=  1.4428702E-09
 DDISGRADMACRO(1,1),(2,2)= -3.6498242E-11 -7.0560544E-11
 STRAIN FIELD ERROR =   1451.602    
 STRESS FIELD ERROR =  2.1773688E-10
 in  loop
 writing...
 ITER =           37
 DIRECT FFT OF STRESS FIELD
 CALCULATING G^pq,ij : SG^ij ...
 INVERSE FFT TO GET STRAIN FIELD
 end if statemnt
 UPDATE STRESS FIELD
 
 ERRE=  7.2588667E-02
 ERRS=  9.1609464E-10
 DDISGRADMACRO(1,1),(2,2)=  2.1597130E-11 -3.6963772E-11
 STRAIN FIELD ERROR =   1451.773    
 STRESS FIELD ERROR =  1.3824353E-10
 in  loop
 writing...
 ITER =           38
 DIRECT FFT OF STRESS FIELD
 CALCULATING G^pq,ij : SG^ij ...
 INVERSE FFT TO GET STRAIN FIELD
 end if statemnt
 UPDATE STRESS FIELD
 
 ERRE=  7.2590306E-02
 ERRS=  5.1878540E-10
 DDISGRADMACRO(1,1),(2,2)=  3.8991116E-11  4.4299373E-13
 STRAIN FIELD ERROR =   1451.806    
 STRESS FIELD ERROR =  7.8287432E-11
 in  loop
 writing...
 ITER =           39
 DIRECT FFT OF STRESS FIELD
 CALCULATING G^pq,ij : SG^ij ...
 INVERSE FFT TO GET STRAIN FIELD
 end if statemnt
 UPDATE STRESS FIELD
 
 ERRE=  7.2585173E-02
 ERRS=  2.7436634E-10
 DDISGRADMACRO(1,1),(2,2)=  2.0310942E-11  1.5801140E-11
 STRAIN FIELD ERROR =   1451.703    
 STRESS FIELD ERROR =  4.1403325E-11
 in  loop
 writing...
 ITER =           40
 DIRECT FFT OF STRESS FIELD
 CALCULATING G^pq,ij : SG^ij ...
 INVERSE FFT TO GET STRAIN FIELD
 end if statemnt
 UPDATE STRESS FIELD
 
 ERRE=  7.2577089E-02
 ERRS=  1.7349226E-10
 DDISGRADMACRO(1,1),(2,2)= -5.3797787E-12  1.2426004E-11
 STRAIN FIELD ERROR =   1451.542    
 STRESS FIELD ERROR =  2.6180899E-11
 in  loop
 writing...
 ITER =           41
 DIRECT FFT OF STRESS FIELD
 CALCULATING G^pq,ij : SG^ij ...
 INVERSE FFT TO GET STRAIN FIELD
 end if statemnt
 UPDATE STRESS FIELD
 
 ERRE=  7.2570480E-02
 ERRS=  1.0548953E-10
 DDISGRADMACRO(1,1),(2,2)= -1.6069198E-11  3.7751182E-12
 STRAIN FIELD ERROR =   1451.409    
 STRESS FIELD ERROR =  1.5918928E-11
 in  loop
 writing...
 ITER =           42
 DIRECT FFT OF STRESS FIELD
 CALCULATING G^pq,ij : SG^ij ...
 INVERSE FFT TO GET STRAIN FIELD
 end if statemnt
 UPDATE STRESS FIELD
 
 ERRE=  7.2566934E-02
 ERRS=  6.3138640E-11
 DDISGRADMACRO(1,1),(2,2)= -1.0898974E-11 -1.5604957E-12
 STRAIN FIELD ERROR =   1451.339    
 STRESS FIELD ERROR =  9.5279548E-12
 in  loop
 writing...
 ITER =           43
 DIRECT FFT OF STRESS FIELD
 CALCULATING G^pq,ij : SG^ij ...
 INVERSE FFT TO GET STRAIN FIELD
 end if statemnt
 UPDATE STRESS FIELD
 
 ERRE=  7.2565764E-02
 ERRS=  4.0858802E-11
 DDISGRADMACRO(1,1),(2,2)= -2.8254769E-13 -2.5776898E-12
 STRAIN FIELD ERROR =   1451.315    
 STRESS FIELD ERROR =  6.1658105E-12
 in  loop
 writing...
 ITER =           44
 DIRECT FFT OF STRESS FIELD
 CALCULATING G^pq,ij : SG^ij ...
 INVERSE FFT TO GET STRAIN FIELD
 end if statemnt
 UPDATE STRESS FIELD
 
 ERRE=  7.2565868E-02
 ERRS=  2.6143259E-11
 DDISGRADMACRO(1,1),(2,2)=  5.8302638E-12 -1.5299791E-12
 STRAIN FIELD ERROR =   1451.317    
 STRESS FIELD ERROR =  3.9451563E-12
 in  loop
 writing...
 ITER =           45
 DIRECT FFT OF STRESS FIELD
 CALCULATING G^pq,ij : SG^ij ...
 INVERSE FFT TO GET STRAIN FIELD
 end if statemnt
 UPDATE STRESS FIELD
 
 ERRE=  7.2565809E-02
 ERRS=  1.7348916E-11
 DDISGRADMACRO(1,1),(2,2)=  5.1061369E-12 -5.3181672E-13
 STRAIN FIELD ERROR =   1451.316    
 STRESS FIELD ERROR =  2.6180429E-12
 in  loop
 writing...
 ITER =           46
 DIRECT FFT OF STRESS FIELD
 CALCULATING G^pq,ij : SG^ij ...
 INVERSE FFT TO GET STRAIN FIELD
 end if statemnt
 UPDATE STRESS FIELD
 
 ERRE=  7.2565086E-02
 ERRS=  1.2771538E-11
 DDISGRADMACRO(1,1),(2,2)=  1.3062487E-12 -7.1648660E-14
 STRAIN FIELD ERROR =   1451.302    
 STRESS FIELD ERROR =  1.9272925E-12
 in  loop
 writing...
 ITER =           47
 DIRECT FFT OF STRESS FIELD
 CALCULATING G^pq,ij : SG^ij ...
 INVERSE FFT TO GET STRAIN FIELD
 end if statemnt
 UPDATE STRESS FIELD
 
 ERRE=  7.2563879E-02
 ERRS=  8.9535931E-12
 DDISGRADMACRO(1,1),(2,2)= -1.7336988E-12  1.5886264E-13
 STRAIN FIELD ERROR =   1451.277    
 STRESS FIELD ERROR =  1.3511445E-12
 in  loop
 writing...
 ITER =           48
 DIRECT FFT OF STRESS FIELD
 CALCULATING G^pq,ij : SG^ij ...
 INVERSE FFT TO GET STRAIN FIELD
 end if statemnt
 UPDATE STRESS FIELD
 
 ERRE=  7.2562560E-02
 ERRS=  6.3371669E-12
 DDISGRADMACRO(1,1),(2,2)= -2.1923323E-12  3.0269098E-13
 STRAIN FIELD ERROR =   1451.251    
 STRESS FIELD ERROR =  9.5631196E-13
 in  loop
 writing...
 ITER =           49
 DIRECT FFT OF STRESS FIELD
 CALCULATING G^pq,ij : SG^ij ...
 INVERSE FFT TO GET STRAIN FIELD
 end if statemnt
 UPDATE STRESS FIELD
 
 ERRE=  7.2561473E-02
 ERRS=  4.6988758E-12
 DDISGRADMACRO(1,1),(2,2)= -1.0276459E-12  3.5830990E-13
 STRAIN FIELD ERROR =   1451.229    
 STRESS FIELD ERROR =  7.0908519E-13
 disgradmacro(1,1),disgradmacro(2,2),disgradmacro(3,3)
 -2.3703735E-05 -1.8667841E-05  4.9999999E-05
 disgradmacro(1,1)/disgradmacro(3,3)
 -0.4740747    
 scauav1(1,1),scauav1(2,2),scauav1(3,3)
  1.4806938E-07 -2.4709152E-08   6.575629    
 
 AVERAGE PLASTIC ROTATION =   10.32231    
 AVERAGE LOCAL ROTATION =  0.0000000E+00
 
+ matlab -nodisplay

                            < M A T L A B (R) >
                  Copyright 1984-2017 The MathWorks, Inc.
                   R2017a (9.2.0.556344) 64-bit (glnxa64)
                               March 27, 2017

 
To get started, type one of these: helpwin, helpdesk, or demo.
For product information, visit www.mathworks.com.
 
>> Exception in thread "AWT-EventQueue-0" java.lang.RuntimeException: std::exception for "matlab.workingfolder.LastFolderPath": fl:filesystem:SystemError
	at com.mathworks.services.settings.Setting.nativeSet(Native Method)
	at com.mathworks.services.settings.Setting.set(Setting.java:913)
	at com.mathworks.services.settings.Setting.set(Setting.java:769)
	at com.mathworks.services.settings.Setting.set(Setting.java:709)
	at com.mathworks.mlwidgets.prefs.InitialWorkingFolder.setStringSettingValue(InitialWorkingFolder.java:50)
	at com.mathworks.mlwidgets.prefs.InitialWorkingFolder.access$000(InitialWorkingFolder.java:15)
	at com.mathworks.mlwidgets.prefs.InitialWorkingFolder$1.actionPerformed(InitialWorkingFolder.java:34)
	at com.mathworks.jmi.MatlabPath$DeferredActionEvent.dispatch(MatlabPath.java:152)
	at com.mathworks.util.QueueEvent$QueueTarget.processEvent(QueueEvent.java:89)
	at java.awt.Component.dispatchEventImpl(Unknown Source)
	at java.awt.Component.dispatchEvent(Unknown Source)
	at java.awt.EventQueue.dispatchEventImpl(Unknown Source)
	at java.awt.EventQueue.access$200(Unknown Source)
	at java.awt.EventQueue$3.run(Unknown Source)
	at java.awt.EventQueue$3.run(Unknown Source)
	at java.security.AccessController.doPrivileged(Native Method)
	at java.security.ProtectionDomain$1.doIntersectionPrivilege(Unknown Source)
	at java.security.ProtectionDomain$1.doIntersectionPrivilege(Unknown Source)
	at java.awt.EventQueue$4.run(Unknown Source)
	at java.awt.EventQueue$4.run(Unknown Source)
	at java.security.AccessController.doPrivileged(Native Method)
	at java.security.ProtectionDomain$1.doIntersectionPrivilege(Unknown Source)
	at java.awt.EventQueue.dispatchEvent(Unknown Source)
	at java.awt.EventDispatchThread.pumpOneEventForFilters(Unknown Source)
	at java.awt.EventDispatchThread.pumpEventsForFilter(Unknown Source)
	at java.awt.EventDispatchThread.pumpEventsForHierarchy(Unknown Source)
	at java.awt.EventDispatchThread.pumpEvents(Unknown Source)
	at java.awt.EventDispatchThread.pumpEvents(Unknown Source)
	at java.awt.EventDispatchThread.run(Unknown Source)
>> >> >> >> >> >> >> getting stress
>> >> >> >> >> >> >> >> >> >> >> >> >> >> >> >> >> >> >> >> >> >> >> >> >> 
filename =

    'SG10111.out'


filename =

    'SG10211.out'


filename =

    'SG10311.out'


filename =

    'SG10411.out'


filename =

    'SG10112.out'


filename =

    'SG10212.out'


filename =

    'SG10312.out'


filename =

    'SG10412.out'


filename =

    'SG10113.out'


filename =

    'SG10213.out'


filename =

    'SG10313.out'


filename =

    'SG10413.out'


filename =

    'SG10121.out'


filename =

    'SG10221.out'


filename =

    'SG10321.out'


filename =

    'SG10421.out'


filename =

    'SG10122.out'


filename =

    'SG10222.out'


filename =

    'SG10322.out'


filename =

    'SG10422.out'


filename =

    'SG10123.out'


filename =

    'SG10223.out'


filename =

    'SG10323.out'


filename =

    'SG10423.out'


filename =

    'SG10131.out'


filename =

    'SG10231.out'


filename =

    'SG10331.out'


filename =

    'SG10431.out'


filename =

    'SG10132.out'


filename =

    'SG10232.out'


filename =

    'SG10332.out'


filename =

    'SG10432.out'


filename =

    'SG10133.out'


filename =

    'SG10233.out'


filename =

    'SG10333.out'


filename =

    'SG10433.out'

>> >> >> >> + ls -ltr
total 1642600
-rwxr-xr-x 1 kulkarna ms4s86p   197328 Jan 26 10:45 p128.exe
-rw-r--r-- 1 kulkarna ms4s86p     3130 Jan 26 10:45 fft.dim
-rw-r--r-- 1 kulkarna ms4s86p     2674 Jan 26 10:45 fft.in
-rw-r--r-- 1 kulkarna ms4s86p      458 Jan 26 10:45 cuel2.sx
-rw-r--r-- 1 kulkarna ms4s86p      930 Jan 26 10:45 cupl2.sx
-rw-r--r-- 1 kulkarna ms4s86p  3637248 Jan 26 10:45 sq128_symmgrain.FFT
-rw-r--r-- 1 kulkarna ms4s86p     5397 Jan 26 10:45 compress_update_pipeline2d.m
-rw-r--r-- 1 kulkarna ms4s86p      597 Jan 26 10:45 compute_gamma_ds1111.m
-rw-r--r-- 1 kulkarna ms4s86p      907 Jan 26 10:45 compute_full_gamma.m
-rw-r--r-- 1 kulkarna ms4s86p      649 Jan 26 10:45 compute_gamma_ds_specific.m
-rw-r--r-- 1 kulkarna ms4s86p     2851 Jan 26 10:45 fast.m
-rw-r--r-- 1 kulkarna ms4s86p     1469 Jan 26 10:45 compute_gamma_fft.m
-rw-r--r-- 1 kulkarna ms4s86p     2874 Jan 26 10:45 main.m
-rw-r--r-- 1 kulkarna ms4s86p     5364 Jan 26 10:45 get_stress.m
-rw-r--r-- 1 kulkarna ms4s86p     2862 Jan 26 10:45 matlab_main_final.m
-rw-r--r-- 1 kulkarna ms4s86p     1907 Jan 26 10:45 model_before_tx.m
-rw-r--r-- 1 kulkarna ms4s86p     1947 Jan 26 10:45 model_after_conv.m
-rw-r--r-- 1 kulkarna ms4s86p     3419 Jan 26 10:45 MS_cijkl2cij.m
-rw-r--r-- 1 kulkarna ms4s86p     4898 Jan 26 10:45 MS_cij2cijkl.m
-rw-r--r-- 1 kulkarna ms4s86p     3746 Jan 26 10:45 old_fast.m
-rw-r--r-- 1 kulkarna ms4s86p      795 Jan 26 10:45 read_cg.m
-rw-r--r-- 1 kulkarna ms4s86p      478 Jan 26 10:45 avgcg.mat
-rw-r--r-- 1 kulkarna ms4s86p 23456757 Jan 26 10:45 Gfft1111.mat
-rw-r--r-- 1 kulkarna ms4s86p 23860740 Jan 26 10:45 Gfft1112.mat
-rw-r--r-- 1 kulkarna ms4s86p 15984756 Jan 26 10:45 Gfft1113.mat
-rw-r--r-- 1 kulkarna ms4s86p 24080960 Jan 26 10:45 Gfft1121.mat
-rw-r--r-- 1 kulkarna ms4s86p 23712879 Jan 26 10:45 Gfft1122.mat
-rw-r--r-- 1 kulkarna ms4s86p 15930905 Jan 26 10:45 Gfft1123.mat
-rw-r--r-- 1 kulkarna ms4s86p 24004698 Jan 26 10:45 Gfft1131.mat
-rw-r--r-- 1 kulkarna ms4s86p 23775502 Jan 26 10:45 Gfft1132.mat
-rw-r--r-- 1 kulkarna ms4s86p 15873305 Jan 26 10:45 Gfft1133.mat
-rw-r--r-- 1 kulkarna ms4s86p 23860484 Jan 26 10:45 Gfft1211.mat
-rw-r--r-- 1 kulkarna ms4s86p 23751706 Jan 26 10:45 Gfft1212.mat
-rw-r--r-- 1 kulkarna ms4s86p 15890999 Jan 26 10:45 Gfft1213.mat
-rw-r--r-- 1 kulkarna ms4s86p 23715436 Jan 26 10:45 Gfft1221.mat
-rw-r--r-- 1 kulkarna ms4s86p 23954999 Jan 26 10:45 Gfft1222.mat
-rw-r--r-- 1 kulkarna ms4s86p 16027285 Jan 26 10:45 Gfft1223.mat
-rw-r--r-- 1 kulkarna ms4s86p 23774172 Jan 26 10:45 Gfft1231.mat
-rw-r--r-- 1 kulkarna ms4s86p 23978281 Jan 26 10:45 Gfft1232.mat
-rw-r--r-- 1 kulkarna ms4s86p 16032250 Jan 26 10:45 Gfft1233.mat
-rw-r--r-- 1 kulkarna ms4s86p 15984489 Jan 26 10:45 Gfft1311.mat
-rw-r--r-- 1 kulkarna ms4s86p 15890898 Jan 26 10:45 Gfft1312.mat
-rw-r--r-- 1 kulkarna ms4s86p 15897179 Jan 26 10:45 Gfft1313.mat
-rw-r--r-- 1 kulkarna ms4s86p 15927983 Jan 26 10:45 Gfft1321.mat
-rw-r--r-- 1 kulkarna ms4s86p 16025923 Jan 26 10:45 Gfft1322.mat
-rw-r--r-- 1 kulkarna ms4s86p 16033510 Jan 26 10:45 Gfft1323.mat
-rw-r--r-- 1 kulkarna ms4s86p 15873771 Jan 26 10:45 Gfft1331.mat
-rw-r--r-- 1 kulkarna ms4s86p 16032499 Jan 26 10:45 Gfft1332.mat
-rw-r--r-- 1 kulkarna ms4s86p 16049501 Jan 26 10:45 Gfft1333.mat
-rw-r--r-- 1 kulkarna ms4s86p 24080285 Jan 26 10:45 Gfft2111.mat
-rw-r--r-- 1 kulkarna ms4s86p 23714933 Jan 26 10:45 Gfft2112.mat
-rw-r--r-- 1 kulkarna ms4s86p 15928425 Jan 26 10:45 Gfft2113.mat
-rw-r--r-- 1 kulkarna ms4s86p 23779875 Jan 26 10:45 Gfft2121.mat
-rw-r--r-- 1 kulkarna ms4s86p 23883179 Jan 26 10:45 Gfft2122.mat
-rw-r--r-- 1 kulkarna ms4s86p 15992855 Jan 26 10:45 Gfft2123.mat
-rw-r--r-- 1 kulkarna ms4s86p 23883296 Jan 26 10:45 Gfft2131.mat
-rw-r--r-- 1 kulkarna ms4s86p 23907365 Jan 26 10:45 Gfft2132.mat
-rw-r--r-- 1 kulkarna ms4s86p 15988754 Jan 26 10:45 Gfft2133.mat
-rw-r--r-- 1 kulkarna ms4s86p 23712227 Jan 26 10:45 Gfft2211.mat
-rw-r--r-- 1 kulkarna ms4s86p 23953761 Jan 26 10:45 Gfft2212.mat
-rw-r--r-- 1 kulkarna ms4s86p 16026498 Jan 26 10:45 Gfft2213.mat
-rw-r--r-- 1 kulkarna ms4s86p 23883681 Jan 26 10:45 Gfft2221.mat
-rw-r--r-- 1 kulkarna ms4s86p 23302053 Jan 26 10:45 Gfft2222.mat
-rw-r--r-- 1 kulkarna ms4s86p 15602317 Jan 26 10:45 Gfft2223.mat
-rw-r--r-- 1 kulkarna ms4s86p 23905551 Jan 26 10:45 Gfft2231.mat
-rw-r--r-- 1 kulkarna ms4s86p 23818938 Jan 26 10:45 Gfft2232.mat
-rw-r--r-- 1 kulkarna ms4s86p 15910079 Jan 26 10:45 Gfft2233.mat
-rw-r--r-- 1 kulkarna ms4s86p 15931163 Jan 26 10:45 Gfft2311.mat
-rw-r--r-- 1 kulkarna ms4s86p 16027501 Jan 26 10:45 Gfft2312.mat
-rw-r--r-- 1 kulkarna ms4s86p 16034338 Jan 26 10:45 Gfft2313.mat
-rw-r--r-- 1 kulkarna ms4s86p 15992739 Jan 26 10:45 Gfft2321.mat
-rw-r--r-- 1 kulkarna ms4s86p 15602390 Jan 26 10:45 Gfft2322.mat
-rw-r--r-- 1 kulkarna ms4s86p 15605947 Jan 26 10:45 Gfft2323.mat
-rw-r--r-- 1 kulkarna ms4s86p 15989426 Jan 26 10:45 Gfft2331.mat
-rw-r--r-- 1 kulkarna ms4s86p 15914593 Jan 26 10:45 Gfft2332.mat
-rw-r--r-- 1 kulkarna ms4s86p 15925211 Jan 26 10:45 Gfft2333.mat
-rw-r--r-- 1 kulkarna ms4s86p 24005652 Jan 26 10:45 Gfft3111.mat
-rw-r--r-- 1 kulkarna ms4s86p 23773905 Jan 26 10:45 Gfft3112.mat
-rw-r--r-- 1 kulkarna ms4s86p 15874060 Jan 26 10:45 Gfft3113.mat
-rw-r--r-- 1 kulkarna ms4s86p 23884037 Jan 26 10:45 Gfft3121.mat
-rw-r--r-- 1 kulkarna ms4s86p 23906281 Jan 26 10:45 Gfft3122.mat
-rw-r--r-- 1 kulkarna ms4s86p 15989670 Jan 26 10:45 Gfft3123.mat
-rw-r--r-- 1 kulkarna ms4s86p 23705091 Jan 26 10:45 Gfft3131.mat
-rw-r--r-- 1 kulkarna ms4s86p 23778046 Jan 26 10:45 Gfft3132.mat
-rw-r--r-- 1 kulkarna ms4s86p 15936070 Jan 26 10:45 Gfft3133.mat
-rw-r--r-- 1 kulkarna ms4s86p 23775450 Jan 26 10:45 Gfft3211.mat
-rw-r--r-- 1 kulkarna ms4s86p 23980170 Jan 26 10:45 Gfft3212.mat
-rw-r--r-- 1 kulkarna ms4s86p 16032851 Jan 26 10:45 Gfft3213.mat
-rw-r--r-- 1 kulkarna ms4s86p 23908511 Jan 26 10:45 Gfft3221.mat
-rw-r--r-- 1 kulkarna ms4s86p 23819518 Jan 26 10:45 Gfft3222.mat
-rw-r--r-- 1 kulkarna ms4s86p 15914484 Jan 26 10:45 Gfft3223.mat
-rw-r--r-- 1 kulkarna ms4s86p 23777939 Jan 26 10:45 Gfft3231.mat
-rw-r--r-- 1 kulkarna ms4s86p 23453243 Jan 26 10:45 Gfft3232.mat
-rw-r--r-- 1 kulkarna ms4s86p 15633916 Jan 26 10:45 Gfft3233.mat
-rw-r--r-- 1 kulkarna ms4s86p 15873566 Jan 26 10:45 Gfft3311.mat
-rw-r--r-- 1 kulkarna ms4s86p 16031995 Jan 26 10:45 Gfft3312.mat
-rw-r--r-- 1 kulkarna ms4s86p 16049455 Jan 26 10:45 Gfft3313.mat
-rw-r--r-- 1 kulkarna ms4s86p 15988881 Jan 26 10:45 Gfft3321.mat
-rw-r--r-- 1 kulkarna ms4s86p 15909842 Jan 26 10:45 Gfft3322.mat
-rw-r--r-- 1 kulkarna ms4s86p 15925297 Jan 26 10:45 Gfft3323.mat
-rw-r--r-- 1 kulkarna ms4s86p 15935758 Jan 26 10:45 Gfft3331.mat
-rw-r--r-- 1 kulkarna ms4s86p 15633868 Jan 26 10:45 Gfft3332.mat
-rw-r--r-- 1 kulkarna ms4s86p 15645819 Jan 26 10:45 Gfft3333.mat
-rw-r--r-- 1 kulkarna ms4s86p      909 Jan 26 10:45 init.mat
-rw-r--r-- 1 kulkarna ms4s86p        0 Jan 26 10:45 sfield.out
-rw-r--r-- 1 kulkarna ms4s86p        0 Jan 26 10:45 elfield.out
-rw-r--r-- 1 kulkarna ms4s86p        0 Jan 26 10:45 efield.out
-rw-r--r-- 1 kulkarna ms4s86p        0 Jan 26 10:45 dfield.out
-rw-r--r-- 1 kulkarna ms4s86p     1232 Jan 26 10:45 c0initial.out
-rw-r--r-- 1 kulkarna ms4s86p       37 Jan 26 10:45 nn.out
-rw-r--r-- 1 kulkarna ms4s86p   262144 Jan 26 11:18 SG10111.out
-rw-r--r-- 1 kulkarna ms4s86p   262144 Jan 26 11:18 SG10112.out
-rw-r--r-- 1 kulkarna ms4s86p   262144 Jan 26 11:18 SG10113.out
-rw-r--r-- 1 kulkarna ms4s86p   262144 Jan 26 11:18 SG10121.out
-rw-r--r-- 1 kulkarna ms4s86p   262144 Jan 26 11:18 SG10122.out
-rw-r--r-- 1 kulkarna ms4s86p   262144 Jan 26 11:18 SG10123.out
-rw-r--r-- 1 kulkarna ms4s86p   262144 Jan 26 11:18 SG10131.out
-rw-r--r-- 1 kulkarna ms4s86p   262144 Jan 26 11:18 SG10132.out
-rw-r--r-- 1 kulkarna ms4s86p   262144 Jan 26 11:18 SG10133.out
-rw-r--r-- 1 kulkarna ms4s86p   262144 Jan 26 11:18 SG10211.out
-rw-r--r-- 1 kulkarna ms4s86p   262144 Jan 26 11:18 SG10212.out
-rw-r--r-- 1 kulkarna ms4s86p   262144 Jan 26 11:18 SG10213.out
-rw-r--r-- 1 kulkarna ms4s86p   262144 Jan 26 11:18 SG10221.out
-rw-r--r-- 1 kulkarna ms4s86p   262144 Jan 26 11:18 SG10222.out
-rw-r--r-- 1 kulkarna ms4s86p   262144 Jan 26 11:18 SG10223.out
-rw-r--r-- 1 kulkarna ms4s86p   262144 Jan 26 11:18 SG10231.out
-rw-r--r-- 1 kulkarna ms4s86p   262144 Jan 26 11:18 SG10232.out
-rw-r--r-- 1 kulkarna ms4s86p   262144 Jan 26 11:18 SG10233.out
-rw-r--r-- 1 kulkarna ms4s86p   262144 Jan 26 11:18 SG10311.out
-rw-r--r-- 1 kulkarna ms4s86p   262144 Jan 26 11:18 SG10312.out
-rw-r--r-- 1 kulkarna ms4s86p   262144 Jan 26 11:18 SG10313.out
-rw-r--r-- 1 kulkarna ms4s86p   262144 Jan 26 11:18 SG10321.out
-rw-r--r-- 1 kulkarna ms4s86p   262144 Jan 26 11:18 SG10322.out
-rw-r--r-- 1 kulkarna ms4s86p   262144 Jan 26 11:18 SG10323.out
-rw-r--r-- 1 kulkarna ms4s86p   262144 Jan 26 11:18 SG10331.out
-rw-r--r-- 1 kulkarna ms4s86p   262144 Jan 26 11:18 SG10332.out
-rw-r--r-- 1 kulkarna ms4s86p   262144 Jan 26 11:18 SG10333.out
-rw-r--r-- 1 kulkarna ms4s86p   262144 Jan 26 11:18 SG10411.out
-rw-r--r-- 1 kulkarna ms4s86p   262144 Jan 26 11:18 SG10412.out
-rw-r--r-- 1 kulkarna ms4s86p   262144 Jan 26 11:18 SG10413.out
-rw-r--r-- 1 kulkarna ms4s86p   262144 Jan 26 11:18 SG10421.out
-rw-r--r-- 1 kulkarna ms4s86p   262144 Jan 26 11:18 SG10422.out
-rw-r--r-- 1 kulkarna ms4s86p   262144 Jan 26 11:18 SG10423.out
-rw-r--r-- 1 kulkarna ms4s86p   262144 Jan 26 11:18 SG10431.out
-rw-r--r-- 1 kulkarna ms4s86p   262144 Jan 26 11:18 SG10432.out
-rw-r--r-- 1 kulkarna ms4s86p   262144 Jan 26 11:18 SG10433.out
-rw-r--r-- 1 kulkarna ms4s86p   147468 Jan 26 11:21 WC10111.out
-rw-r--r-- 1 kulkarna ms4s86p   159377 Jan 26 11:21 WC10112.out
-rw-r--r-- 1 kulkarna ms4s86p   151100 Jan 26 11:21 WC10113.out
-rw-r--r-- 1 kulkarna ms4s86p   159382 Jan 26 11:21 WC10121.out
-rw-r--r-- 1 kulkarna ms4s86p   147499 Jan 26 11:21 WC10122.out
-rw-r--r-- 1 kulkarna ms4s86p   154625 Jan 26 11:21 WC10123.out
-rw-r--r-- 1 kulkarna ms4s86p   151098 Jan 26 11:21 WC10131.out
-rw-r--r-- 1 kulkarna ms4s86p   154628 Jan 26 11:21 WC10132.out
-rw-r--r-- 1 kulkarna ms4s86p   163837 Jan 26 11:21 WC10133.out
-rw-r--r-- 1 kulkarna ms4s86p   147469 Jan 26 11:21 WC10211.out
-rw-r--r-- 1 kulkarna ms4s86p   159383 Jan 26 11:21 WC10212.out
-rw-r--r-- 1 kulkarna ms4s86p   151095 Jan 26 11:21 WC10213.out
-rw-r--r-- 1 kulkarna ms4s86p   159386 Jan 26 11:21 WC10221.out
-rw-r--r-- 1 kulkarna ms4s86p   147505 Jan 26 11:21 WC10222.out
-rw-r--r-- 1 kulkarna ms4s86p   154626 Jan 26 11:21 WC10223.out
-rw-r--r-- 1 kulkarna ms4s86p   151093 Jan 26 11:21 WC10231.out
-rw-r--r-- 1 kulkarna ms4s86p   154628 Jan 26 11:21 WC10232.out
-rw-r--r-- 1 kulkarna ms4s86p   163838 Jan 26 11:21 WC10233.out
-rw-r--r-- 1 kulkarna ms4s86p   147468 Jan 26 11:21 WC10311.out
-rw-r--r-- 1 kulkarna ms4s86p   159386 Jan 26 11:21 WC10312.out
-rw-r--r-- 1 kulkarna ms4s86p   151095 Jan 26 11:21 WC10313.out
-rw-r--r-- 1 kulkarna ms4s86p   159379 Jan 26 11:21 WC10321.out
-rw-r--r-- 1 kulkarna ms4s86p   147507 Jan 26 11:21 WC10322.out
-rw-r--r-- 1 kulkarna ms4s86p   154629 Jan 26 11:21 WC10323.out
-rw-r--r-- 1 kulkarna ms4s86p   151096 Jan 26 11:21 WC10331.out
-rw-r--r-- 1 kulkarna ms4s86p   154628 Jan 26 11:21 WC10332.out
-rw-r--r-- 1 kulkarna ms4s86p   163838 Jan 26 11:21 WC10333.out
-rw-r--r-- 1 kulkarna ms4s86p   147468 Jan 26 11:21 WC10411.out
-rw-r--r-- 1 kulkarna ms4s86p   159381 Jan 26 11:21 WC10412.out
-rw-r--r-- 1 kulkarna ms4s86p   151095 Jan 26 11:21 WC10413.out
-rw-r--r-- 1 kulkarna ms4s86p   159381 Jan 26 11:21 WC10421.out
-rw-r--r-- 1 kulkarna ms4s86p   147500 Jan 26 11:21 WC10422.out
-rw-r--r-- 1 kulkarna ms4s86p   154631 Jan 26 11:21 WC10423.out
-rw-r--r-- 1 kulkarna ms4s86p   151098 Jan 26 11:21 WC10431.out
-rw-r--r-- 1 kulkarna ms4s86p   154627 Jan 26 11:21 WC10432.out
-rw-r--r-- 1 kulkarna ms4s86p   163839 Jan 26 11:21 WC10433.out
-rw-r--r-- 1 kulkarna ms4s86p      950 Jan 26 11:21 strain.out
-rw-r--r-- 1 kulkarna ms4s86p     1071 Jan 26 11:21 fort.25
-rw-r--r-- 1 kulkarna ms4s86p 81134518 Jan 26 11:21 cg.out
-rw-r--r-- 1 kulkarna ms4s86p    61600 Jan 26 11:21 s0.out
-rw-r--r-- 1 kulkarna ms4s86p     1884 Jan 26 11:21 err.out
-rw-r--r-- 1 kulkarna ms4s86p       72 Jan 26 11:21 vm.out
-rw-r--r-- 1 kulkarna ms4s86p      288 Jan 26 11:21 fort.56
-rw-r--r-- 1 kulkarna ms4s86p  4325499 Jan 26 11:21 tex.out
-rw-r--r-- 1 kulkarna ms4s86p  3487424 Jan 26 11:22 p128_2grain.mat
+ cd /local/2234953
+ cp -r window_only.2234953 /pylon5/ms4s86p/kulkarna/window_only
